[23 fev 10:15:16] CREATE:ItemAuction, item 268437784:Heavenstare Rapier(1)
[23 fev 10:15:16] CREATE:ItemAuction, item 268437785:Cyclic Cane(1)
[23 fev 10:15:16] CREATE:ItemAuction, item 268437786:Thorne Crossbow(1)
[23 fev 10:15:16] CREATE:ItemAuction, item 268437787:Top-Grade Life Stone - Level 80(1)
[23 fev 10:15:16] CREATE:ItemAuction, item 268437788:Elegia Tunic(1)
[23 fev 10:15:16] CREATE:ItemAuction, item 268437789:Demitelum(1)
[23 fev 10:15:16] CREATE:ItemAuction, item 268437790:Improved Ring of Baium(1)
[23 fev 10:15:16] CREATE:ItemAuction, item 268437791:Forgotten Scroll - Archer's Will(1)
[23 fev 10:15:16] CREATE:ItemAuction, item 268437792:Elegia Circlet(1)
[20 jun 18:16:36] CREATE:ItemAuction, item 268437784:Cyclic Cane(1)
[20 jun 18:16:36] CREATE:ItemAuction, item 268437785:Blue Soul Crystal - Stage 15(1)
[20 jun 18:16:36] CREATE:ItemAuction, item 268437786:Elegia Tunic(1)
[20 jun 18:16:36] CREATE:ItemAuction, item 268437787:Refined Wizard Hat(1)
[20 jun 18:16:36] CREATE:ItemAuction, item 268437788:Elegia Circlet(1)
[20 jun 18:16:36] CREATE:ItemAuction, item 268437789:Improved Blessed Earring of Zaken(1)
[20 jun 18:37:43] CREATE:Init, item 268481739:Squire's Sword(1), L2PcInstance:Makai[268481738]
[20 jun 18:37:43] CREATE:Init, item 268481740:Dagger(1), L2PcInstance:Makai[268481738]
[20 jun 18:37:43] CREATE:Init, item 268481741:Squire's Shirt(1), L2PcInstance:Makai[268481738]
[20 jun 18:37:43] CREATE:Init, item 268481742:Squire's Pants(1), L2PcInstance:Makai[268481738]
[20 jun 18:37:43] CREATE:Init, item 268481743:AioBook(1), L2PcInstance:Makai[268481738]
[20 jun 18:37:43] CREATE:Init, item 268481744:Adventurer's Scroll of Escape(5), L2PcInstance:Makai[268481738]
[20 jun 18:37:43] CREATE:Init, item 268481745:Kamael Village Teleportation Scroll(10), L2PcInstance:Makai[268481738]
[20 jun 18:44:59] CREATE:ItemAuction, item 268437784:Blue Soul Crystal - Stage 15(1)
[20 jun 18:44:59] CREATE:ItemAuction, item 268437785:Refined Wizard Hat(1)
[20 jun 18:44:59] CREATE:ItemAuction, item 268437786:Improved Blessed Earring of Zaken(1)
[20 jun 18:52:45] CREATE:Loot, item 268481631:Adena(1497), L2PcInstance:Makai[268481738], L2MonsterInstance:Gremlin(18342)[268461467]
[20 jun 18:53:08] CHANGE:Loot, item 268481631:Adena(2977), PrevCount(1497), L2PcInstance:Makai[268481738], L2MonsterInstance:Gremlin(18342)[268461466]
[20 jun 18:53:25] CHANGE:Community Teleport, item 268481631:Adena(1977), PrevCount(2977), L2PcInstance:Makai[268481738], L2PcInstance:Makai[268481738]
[20 jun 19:08:44] CHANGE:AIO Teleport, item 268481631:Adena(977), PrevCount(1977), L2PcInstance:Makai[268481738], L2PcInstance:Makai[268481738]
[20 jun 19:21:53] CREATE:Init, item 268481957:Squire's Sword(1), L2PcInstance:TagLife[268481956]
[20 jun 19:21:54] CREATE:Init, item 268481958:Dagger(1), L2PcInstance:TagLife[268481956]
[20 jun 19:21:54] CREATE:Init, item 268481959:Squire's Shirt(1), L2PcInstance:TagLife[268481956]
[20 jun 19:21:54] CREATE:Init, item 268481960:Squire's Pants(1), L2PcInstance:TagLife[268481956]
[20 jun 19:21:54] CREATE:Init, item 268481961:AioBook(1), L2PcInstance:TagLife[268481956]
[20 jun 19:21:54] CREATE:Init, item 268481962:Adventurer's Scroll of Escape(5), L2PcInstance:TagLife[268481956]
[20 jun 19:21:54] CREATE:Init, item 268481963:Kamael Village Teleportation Scroll(10), L2PcInstance:TagLife[268481956]
[20 jun 19:27:33] CREATE:ItemAuction, item 268437784:Blue Soul Crystal - Stage 15(1)
[20 jun 19:27:33] CREATE:ItemAuction, item 268437785:Refined Wizard Hat(1)
[20 jun 19:27:33] CREATE:ItemAuction, item 268437786:Improved Blessed Earring of Zaken(1)
[20 jun 19:29:43] CREATE:ItemAuction, item 268437784:Blue Soul Crystal - Stage 15(1)
[20 jun 19:29:43] CREATE:ItemAuction, item 268437785:Refined Wizard Hat(1)
[20 jun 19:29:43] CREATE:ItemAuction, item 268437786:Improved Blessed Earring of Zaken(1)
[20 jun 19:52:48] CREATE:Admin, item 268481724:Adena(100000000000), L2PcInstance:TagLife[268481956]
[20 jun 19:53:00] CHANGE:Scheme system, item 268481724:Adena(99999995500), PrevCount(100000000000), L2PcInstance:TagLife[268481956], L2PcInstance:TagLife[268481956]
[20 jun 19:53:09] CHANGE:Scheme system, item 268481724:Adena(99999991000), PrevCount(99999995500), L2PcInstance:TagLife[268481956], L2PcInstance:TagLife[268481956]
[20 jun 20:00:59] CHANGE:Scheme system, item 268481724:Adena(99999990900), PrevCount(99999991000), L2PcInstance:TagLife[268481956], L2PcInstance:TagLife[268481956]
[20 jun 20:05:47] CHANGE:Loot, item 268481724:Adena(99900000000), PrevCount(99999990900), L2PcInstance:TagLife[268481956], L2MonsterInstance:Soultaker(5003)[268482471]
[20 jun 20:06:02] CHANGE:Loot, item 268481724:Adena(99900000000), PrevCount(99900000000), L2PcInstance:TagLife[268481956], L2MonsterInstance:Sagittarius(5002)[268482461]
[20 jun 20:06:04] CHANGE:Loot, item 268481724:Adena(99900000000), PrevCount(99900000000), L2PcInstance:TagLife[268481956], L2MonsterInstance:Duelist(5001)[268482460]
[20 jun 20:08:02] CREATE:Loot, item 268482487:Greater Herb of Life(1), L2PcInstance:TagLife[268481956], L2MonsterInstance:Camilion(60012)[268482486]
[20 jun 20:08:02] CREATE:Loot, item 268482488:Herb of Mana(1), L2PcInstance:TagLife[268481956], L2MonsterInstance:Camilion(60012)[268482486]
[20 jun 20:08:05] DELETE:Consume, item 268482487:Greater Herb of Life(0), PrevCount(1), L2PcInstance:TagLife[268481956]
[20 jun 20:08:06] DELETE:Consume, item 268482488:Herb of Mana(0), PrevCount(1), L2PcInstance:TagLife[268481956]
[20 jun 20:08:51] CREATE:Admin, item 268482500:Donate Potion(100), L2PcInstance:TagLife[268481956]
[20 jun 20:09:08] CHANGE:Consume, item 268482500:Donate Potion(99), PrevCount(100), L2PcInstance:TagLife[268481956]
[20 jun 20:09:30] CHANGE:Consume, item 268482500:Donate Potion(98), PrevCount(99), L2PcInstance:TagLife[268481956]
[20 jun 20:09:30] CHANGE:Consume, item 268482500:Donate Potion(97), PrevCount(98), L2PcInstance:TagLife[268481956]
[20 jun 20:09:31] CHANGE:Consume, item 268482500:Donate Potion(96), PrevCount(97), L2PcInstance:TagLife[268481956]
[20 jun 20:09:31] CHANGE:Consume, item 268482500:Donate Potion(95), PrevCount(96), L2PcInstance:TagLife[268481956]
[20 jun 20:09:31] CHANGE:Consume, item 268482500:Donate Potion(94), PrevCount(95), L2PcInstance:TagLife[268481956]
[20 jun 20:09:31] CHANGE:Consume, item 268482500:Donate Potion(93), PrevCount(94), L2PcInstance:TagLife[268481956]
[20 jun 20:09:31] CHANGE:Consume, item 268482500:Donate Potion(92), PrevCount(93), L2PcInstance:TagLife[268481956]
[20 jun 20:09:31] CHANGE:Consume, item 268482500:Donate Potion(91), PrevCount(92), L2PcInstance:TagLife[268481956]
[20 jun 20:09:31] CHANGE:Consume, item 268482500:Donate Potion(90), PrevCount(91), L2PcInstance:TagLife[268481956]
[20 jun 20:09:32] CHANGE:Consume, item 268482500:Donate Potion(89), PrevCount(90), L2PcInstance:TagLife[268481956]
[20 jun 20:09:32] CHANGE:Consume, item 268482500:Donate Potion(88), PrevCount(89), L2PcInstance:TagLife[268481956]
[20 jun 20:09:32] CHANGE:Consume, item 268482500:Donate Potion(87), PrevCount(88), L2PcInstance:TagLife[268481956]
[20 jun 20:09:32] CHANGE:Consume, item 268482500:Donate Potion(86), PrevCount(87), L2PcInstance:TagLife[268481956]
[20 jun 20:09:32] CHANGE:Consume, item 268482500:Donate Potion(85), PrevCount(86), L2PcInstance:TagLife[268481956]
[20 jun 20:09:32] CHANGE:Consume, item 268482500:Donate Potion(84), PrevCount(85), L2PcInstance:TagLife[268481956]
[20 jun 20:09:32] CHANGE:Consume, item 268482500:Donate Potion(83), PrevCount(84), L2PcInstance:TagLife[268481956]
[20 jun 20:09:33] CHANGE:Consume, item 268482500:Donate Potion(82), PrevCount(83), L2PcInstance:TagLife[268481956]
[20 jun 20:09:33] CHANGE:Consume, item 268482500:Donate Potion(81), PrevCount(82), L2PcInstance:TagLife[268481956]
[20 jun 20:09:33] CHANGE:Consume, item 268482500:Donate Potion(80), PrevCount(81), L2PcInstance:TagLife[268481956]
[20 jun 20:09:33] CHANGE:Consume, item 268482500:Donate Potion(79), PrevCount(80), L2PcInstance:TagLife[268481956]
[20 jun 20:09:33] CHANGE:Consume, item 268482500:Donate Potion(78), PrevCount(79), L2PcInstance:TagLife[268481956]
[20 jun 20:09:33] CHANGE:Consume, item 268482500:Donate Potion(77), PrevCount(78), L2PcInstance:TagLife[268481956]
[20 jun 20:09:33] CHANGE:Consume, item 268482500:Donate Potion(76), PrevCount(77), L2PcInstance:TagLife[268481956]
[20 jun 20:09:33] CHANGE:Consume, item 268482500:Donate Potion(75), PrevCount(76), L2PcInstance:TagLife[268481956]
[20 jun 20:09:33] CHANGE:Consume, item 268482500:Donate Potion(74), PrevCount(75), L2PcInstance:TagLife[268481956]
[20 jun 20:09:34] CHANGE:Consume, item 268482500:Donate Potion(73), PrevCount(74), L2PcInstance:TagLife[268481956]
[20 jun 20:09:34] CHANGE:Consume, item 268482500:Donate Potion(72), PrevCount(73), L2PcInstance:TagLife[268481956]
[20 jun 20:09:34] CHANGE:Consume, item 268482500:Donate Potion(71), PrevCount(72), L2PcInstance:TagLife[268481956]
[20 jun 20:09:34] CHANGE:Consume, item 268482500:Donate Potion(70), PrevCount(71), L2PcInstance:TagLife[268481956]
[20 jun 20:09:34] CHANGE:Consume, item 268482500:Donate Potion(69), PrevCount(70), L2PcInstance:TagLife[268481956]
[20 jun 20:09:34] CHANGE:Consume, item 268482500:Donate Potion(68), PrevCount(69), L2PcInstance:TagLife[268481956]
[20 jun 20:09:34] CHANGE:Consume, item 268482500:Donate Potion(67), PrevCount(68), L2PcInstance:TagLife[268481956]
[20 jun 20:09:35] CHANGE:Consume, item 268482500:Donate Potion(66), PrevCount(67), L2PcInstance:TagLife[268481956]
[20 jun 20:09:39] CHANGE:Consume, item 268482500:Donate Potion(65), PrevCount(66), L2PcInstance:TagLife[268481956]
[20 jun 20:09:39] CHANGE:Consume, item 268482500:Donate Potion(64), PrevCount(65), L2PcInstance:TagLife[268481956]
[20 jun 20:09:39] CHANGE:Consume, item 268482500:Donate Potion(63), PrevCount(64), L2PcInstance:TagLife[268481956]
[20 jun 20:09:40] CHANGE:Consume, item 268482500:Donate Potion(62), PrevCount(63), L2PcInstance:TagLife[268481956]
[20 jun 20:09:40] CHANGE:Consume, item 268482500:Donate Potion(61), PrevCount(62), L2PcInstance:TagLife[268481956]
[20 jun 20:09:40] CHANGE:Consume, item 268482500:Donate Potion(60), PrevCount(61), L2PcInstance:TagLife[268481956]
[20 jun 20:09:40] CHANGE:Consume, item 268482500:Donate Potion(59), PrevCount(60), L2PcInstance:TagLife[268481956]
[20 jun 20:09:40] CHANGE:Consume, item 268482500:Donate Potion(58), PrevCount(59), L2PcInstance:TagLife[268481956]
[20 jun 20:09:40] CHANGE:Consume, item 268482500:Donate Potion(57), PrevCount(58), L2PcInstance:TagLife[268481956]
[20 jun 20:09:40] CHANGE:Consume, item 268482500:Donate Potion(56), PrevCount(57), L2PcInstance:TagLife[268481956]
[20 jun 20:09:40] CHANGE:Consume, item 268482500:Donate Potion(55), PrevCount(56), L2PcInstance:TagLife[268481956]
[20 jun 20:09:41] CHANGE:Consume, item 268482500:Donate Potion(54), PrevCount(55), L2PcInstance:TagLife[268481956]
[20 jun 20:09:41] CHANGE:Consume, item 268482500:Donate Potion(53), PrevCount(54), L2PcInstance:TagLife[268481956]
[20 jun 20:09:41] CHANGE:Consume, item 268482500:Donate Potion(52), PrevCount(53), L2PcInstance:TagLife[268481956]
[20 jun 20:09:41] CHANGE:Consume, item 268482500:Donate Potion(51), PrevCount(52), L2PcInstance:TagLife[268481956]
[20 jun 20:09:41] CHANGE:Consume, item 268482500:Donate Potion(50), PrevCount(51), L2PcInstance:TagLife[268481956]
[20 jun 20:09:41] CHANGE:Consume, item 268482500:Donate Potion(49), PrevCount(50), L2PcInstance:TagLife[268481956]
[20 jun 20:09:42] CHANGE:Consume, item 268482500:Donate Potion(48), PrevCount(49), L2PcInstance:TagLife[268481956]
[20 jun 20:09:42] CHANGE:Consume, item 268482500:Donate Potion(47), PrevCount(48), L2PcInstance:TagLife[268481956]
[20 jun 20:09:42] CHANGE:Consume, item 268482500:Donate Potion(46), PrevCount(47), L2PcInstance:TagLife[268481956]
[20 jun 20:09:42] CHANGE:Consume, item 268482500:Donate Potion(45), PrevCount(46), L2PcInstance:TagLife[268481956]
[20 jun 20:09:42] CHANGE:Consume, item 268482500:Donate Potion(44), PrevCount(45), L2PcInstance:TagLife[268481956]
[20 jun 20:09:42] CHANGE:Consume, item 268482500:Donate Potion(43), PrevCount(44), L2PcInstance:TagLife[268481956]
[20 jun 20:09:48] CHANGE:Consume, item 268482500:Donate Potion(42), PrevCount(43), L2PcInstance:TagLife[268481956]
[20 jun 20:09:48] CHANGE:Consume, item 268482500:Donate Potion(41), PrevCount(42), L2PcInstance:TagLife[268481956]
[20 jun 20:09:48] CHANGE:Consume, item 268482500:Donate Potion(40), PrevCount(41), L2PcInstance:TagLife[268481956]
[20 jun 20:09:48] CHANGE:Consume, item 268482500:Donate Potion(39), PrevCount(40), L2PcInstance:TagLife[268481956]
[20 jun 20:09:48] CHANGE:Consume, item 268482500:Donate Potion(38), PrevCount(39), L2PcInstance:TagLife[268481956]
[20 jun 20:09:48] CHANGE:Consume, item 268482500:Donate Potion(37), PrevCount(38), L2PcInstance:TagLife[268481956]
[20 jun 20:09:49] CHANGE:Consume, item 268482500:Donate Potion(36), PrevCount(37), L2PcInstance:TagLife[268481956]
[20 jun 20:09:49] CHANGE:Consume, item 268482500:Donate Potion(35), PrevCount(36), L2PcInstance:TagLife[268481956]
[20 jun 20:09:49] CHANGE:Consume, item 268482500:Donate Potion(34), PrevCount(35), L2PcInstance:TagLife[268481956]
[20 jun 20:09:49] CHANGE:Consume, item 268482500:Donate Potion(33), PrevCount(34), L2PcInstance:TagLife[268481956]
[20 jun 20:09:49] CHANGE:Consume, item 268482500:Donate Potion(32), PrevCount(33), L2PcInstance:TagLife[268481956]
[20 jun 20:09:49] CHANGE:Consume, item 268482500:Donate Potion(31), PrevCount(32), L2PcInstance:TagLife[268481956]
[20 jun 20:09:49] CHANGE:Consume, item 268482500:Donate Potion(30), PrevCount(31), L2PcInstance:TagLife[268481956]
[20 jun 20:09:49] CHANGE:Consume, item 268482500:Donate Potion(29), PrevCount(30), L2PcInstance:TagLife[268481956]
[20 jun 20:09:50] CHANGE:Consume, item 268482500:Donate Potion(28), PrevCount(29), L2PcInstance:TagLife[268481956]
[20 jun 20:10:20] CREATE:Admin, item 268482527:AiO Gemstone(1), L2PcInstance:TagLife[268481956]
[20 jun 20:10:25] CREATE:Admin, item 268482529:Gold Adena(1), L2PcInstance:TagLife[268481956]
[20 jun 20:12:29] CHANGE:AIO Teleport, item 268481724:Adena(99899999000), PrevCount(99900000000), L2PcInstance:TagLife[268481956], L2PcInstance:TagLife[268481956]
[20 jun 20:36:03] CREATE:Loot, item 268482725:Sealed Imperial Crusader Boots(1), L2PcInstance:TagLife[268481956], L2RaidBossInstance:Typhoon(25539)[268438905]
[20 jun 20:57:48] CREATE:Loot, item 268482915:Herb of Casting Spd.(1), L2PcInstance:TagLife[268481956], L2MonsterInstance:Tumran Bugbear(20062)[268440074]
[20 jun 20:58:07] CREATE:Loot, item 268482916:Herb of Life(1), L2PcInstance:TagLife[268481956], L2MonsterInstance:Tumran Bugbear(20062)[268440069]
[20 jun 20:58:07] CREATE:Loot, item 268482917:Herb of Mana(1), L2PcInstance:TagLife[268481956], L2MonsterInstance:Tumran Bugbear(20062)[268440069]
[20 jun 20:58:07] CREATE:Loot, item 268482918:Herb of the Mystic(1), L2PcInstance:TagLife[268481956], L2MonsterInstance:Tumran Bugbear(20062)[268440069]
[20 jun 20:58:07] CREATE:Loot, item 268482919:Herb of Doubt(1), L2PcInstance:TagLife[268481956], L2MonsterInstance:Tumran Bugbear(20062)[268440069]
[20 jun 20:58:13] CREATE:Loot, item 268482920:Greater Herb of Life(1), L2PcInstance:TagLife[268481956], L2MonsterInstance:Ol Mahum Ranger(20224)[268440062]
[20 jun 20:58:13] CREATE:Loot, item 268482921:Herb of Power(1), L2PcInstance:TagLife[268481956], L2MonsterInstance:Ol Mahum Ranger(20224)[268440062]
[20 jun 20:58:13] CREATE:Loot, item 268482922:Herb of Vampiric Rage(1), L2PcInstance:TagLife[268481956], L2MonsterInstance:Ol Mahum Ranger(20224)[268440062]
[20 jun 20:59:00] CREATE:Loot, item 268482936:Herb of Life(1), L2PcInstance:TagLife[268481956], L2MonsterInstance:Tumran Bugbear(20062)[268440080]
[20 jun 20:59:49] CREATE:Loot, item 268482942:Herb of Casting Spd.(1), L2PcInstance:TagLife[268481956], L2MonsterInstance:Tumran Bugbear(20062)[268482941]
[20 jun 20:59:49] CREATE:Loot, item 268482943:Herb of Critical Attack - Probability(1), L2PcInstance:TagLife[268481956], L2MonsterInstance:Tumran Bugbear(20062)[268482941]
[20 jun 21:01:00] CREATE:Loot, item 268483250:Herb of Life(1), L2PcInstance:TagLife[268481956], L2MonsterInstance:Ol Mahum Ranger(20224)[268482938]
[20 jun 21:01:16] CREATE:Loot, item 268483252:Greater Herb of Life(1), L2PcInstance:TagLife[268481956], L2MonsterInstance:Ol Mahum Ranger(20224)[268482934]
[20 jun 21:01:20] CREATE:Loot, item 268483253:Herb of Vampiric Rage(1), L2PcInstance:TagLife[268481956], L2MonsterInstance:Dion Grizzly(20203)[268482935]
[20 jun 21:01:41] CREATE:Loot, item 268483256:Herb of Vampiric Rage(1), L2PcInstance:TagLife[268481956], L2MonsterInstance:Ol Mahum Ranger(20224)[268483255]
[20 jun 21:01:44] CREATE:Loot, item 268483257:Herb of Magic(1), L2PcInstance:TagLife[268481956], L2MonsterInstance:Tumran Bugbear(20062)[268483240]
[20 jun 21:01:44] CREATE:Loot, item 268483258:Herb of Critical Attack - Power(1), L2PcInstance:TagLife[268481956], L2MonsterInstance:Tumran Bugbear(20062)[268483240]
[20 jun 21:01:47] CREATE:Loot, item 268483259:Herb of Speed(1), L2PcInstance:TagLife[268481956], L2MonsterInstance:Tumran Bugbear(20062)[268440071]
[20 jun 21:02:57] CREATE:Loot, item 268483272:Herb of Speed(1), L2PcInstance:TagLife[268481956], L2MonsterInstance:Tumran Bugbear(20062)[268483264]
[20 jun 21:03:12] CREATE:Loot, item 268483273:Herb of Alacrity(1), L2PcInstance:TagLife[268481956], L2MonsterInstance:Tumran Bugbear(20062)[268483260]
[20 jun 21:03:19] CREATE:Loot, item 268483274:Herb of Power(1), L2PcInstance:TagLife[268481956], L2MonsterInstance:Tumran Bugbear(20062)[268483265]
[20 jun 21:03:19] CREATE:Loot, item 268483275:Herb of Critical Attack - Probability(1), L2PcInstance:TagLife[268481956], L2MonsterInstance:Tumran Bugbear(20062)[268483265]
[20 jun 21:04:07] CREATE:Loot, item 268483282:Herb of Critical Attack - Probability(1), L2PcInstance:TagLife[268481956], L2MonsterInstance:Tumran Bugbear(20062)[268483278]
[20 jun 21:04:11] CREATE:Loot, item 268483284:Herb of Life(1), L2PcInstance:TagLife[268481956], L2MonsterInstance:Ol Mahum Ranger(20224)[268483279]
[20 jun 21:04:19] CREATE:Loot, item 268483286:Herb of Life(1), L2PcInstance:TagLife[268481956], L2MonsterInstance:Tumran Bugbear(20062)[268440082]
[20 jun 21:04:19] CREATE:Loot, item 268483287:Herb of Magic(1), L2PcInstance:TagLife[268481956], L2MonsterInstance:Tumran Bugbear(20062)[268440082]
[20 jun 21:04:19] CREATE:Loot, item 268483288:Herb of Alacrity(1), L2PcInstance:TagLife[268481956], L2MonsterInstance:Tumran Bugbear(20062)[268440082]
[20 jun 21:04:21] CREATE:Loot, item 268483289:Herb of Mana(1), L2PcInstance:TagLife[268481956], L2MonsterInstance:Tumran Bugbear(20062)[268440077]
[20 jun 21:04:21] CREATE:Loot, item 268483290:Herb of Vampiric Rage(1), L2PcInstance:TagLife[268481956], L2MonsterInstance:Tumran Bugbear(20062)[268440077]
[20 jun 21:04:21] CREATE:Loot, item 268483291:Herb of Critical Attack - Power(1), L2PcInstance:TagLife[268481956], L2MonsterInstance:Tumran Bugbear(20062)[268440077]
[20 jun 21:04:25] CREATE:Loot, item 268483292:Herb of Magic(1), L2PcInstance:TagLife[268481956], L2MonsterInstance:Dire Wolf(20205)[268440089]
[20 jun 21:05:18] CHANGE:Loot, item 268481631:Adena(567560977), PrevCount(977), L2PcInstance:Makia[268481738], L2MonsterInstance:Dire Wolf(20205)[268483320]
[20 jun 21:05:18] CREATE:Loot, item 268483321:Waking Scroll(2), L2PcInstance:Makia[268481738], L2MonsterInstance:Dire Wolf(20205)[268483320]
[20 jun 21:05:18] CREATE:Loot, item 268483322:Herb of Mana(1), L2PcInstance:Makia[268481738], L2MonsterInstance:Dire Wolf(20205)[268483320]
[20 jun 21:05:18] CREATE:Loot, item 268483323:Herb of Casting Spd.(1), L2PcInstance:Makia[268481738], L2MonsterInstance:Dire Wolf(20205)[268483320]
[20 jun 21:05:18] CREATE:Loot, item 268483324:Herb of Critical Attack - Probability(1), L2PcInstance:Makia[268481738], L2MonsterInstance:Dire Wolf(20205)[268483320]
[20 jun 21:05:18] CREATE:Loot, item 268483325:Herb of Vampiric Rage(1), L2PcInstance:Makia[268481738], L2MonsterInstance:Dire Wolf(20205)[268483320]
[20 jun 21:05:18] CHANGE:Loot, item 268481631:Adena(1043880977), PrevCount(567560977), L2PcInstance:Makia[268481738], L2MonsterInstance:Tumran Bugbear(20062)[268483302]
[20 jun 21:05:18] CREATE:Loot, item 268483326:Animal Bone(2), L2PcInstance:Makia[268481738], L2MonsterInstance:Tumran Bugbear(20062)[268483302]
[20 jun 21:05:18] CREATE:Loot, item 268483327:Herb of Life(1), L2PcInstance:Makia[268481738], L2MonsterInstance:Tumran Bugbear(20062)[268483302]
[20 jun 21:05:18] CREATE:Loot, item 268483328:Greater Herb of Mana(1), L2PcInstance:Makia[268481738], L2MonsterInstance:Tumran Bugbear(20062)[268483302]
[20 jun 21:05:18] CREATE:Loot, item 268483329:Herb of Alacrity(1), L2PcInstance:Makia[268481738], L2MonsterInstance:Tumran Bugbear(20062)[268483302]
[20 jun 21:05:24] CHANGE:Loot, item 268481631:Adena(1540980977), PrevCount(1043880977), L2PcInstance:Makia[268481738], L2MonsterInstance:Tumran Bugbear(20062)[268483303]
[20 jun 21:05:24] CHANGE:Loot, item 268483326:Animal Bone(4), PrevCount(2), L2PcInstance:Makia[268481738], L2MonsterInstance:Tumran Bugbear(20062)[268483303]
[20 jun 21:05:24] CREATE:Loot, item 268483331:Herb of Power(1), L2PcInstance:Makia[268481738], L2MonsterInstance:Tumran Bugbear(20062)[268483303]
[20 jun 21:05:58] CREATE:Buy, item 268483335:Eternal Core Dual Sword {PvP}(1), L2PcInstance:Makia[268481738]
[20 jun 21:07:25] CREATE:Loot, item 268483345:Herb of Mana(1), L2PcInstance:Makia[268481738], L2MonsterInstance:Tumran Bugbear(20062)[268483333]
[20 jun 21:07:25] CREATE:Loot, item 268483346:Herb of Power(1), L2PcInstance:Makia[268481738], L2MonsterInstance:Tumran Bugbear(20062)[268483333]
[20 jun 21:07:44] CREATE:Buy, item 268483348:Elegia Breastplate(1), L2PcInstance:Makia[268481738]
[20 jun 21:07:44] CREATE:Buy, item 268483349:Elegia Gaiter(1), L2PcInstance:Makia[268481738]
[20 jun 21:07:44] CREATE:Buy, item 268483350:Elegia Helmet(1), L2PcInstance:Makia[268481738]
[20 jun 21:07:44] CREATE:Buy, item 268483351:Elegia Gauntlet(1), L2PcInstance:Makia[268481738]
[20 jun 21:07:44] CREATE:Buy, item 268483352:Elegia Boots(1), L2PcInstance:Makia[268481738]
[20 jun 21:07:52] CREATE:Loot, item 268483353:Herb of Power(1), L2PcInstance:Makia[268481738], L2MonsterInstance:Dire Wolf(20205)[268483334]
[20 jun 21:07:52] CREATE:Loot, item 268483354:Herb of Casting Spd.(1), L2PcInstance:Makia[268481738], L2MonsterInstance:Dire Wolf(20205)[268483334]
[20 jun 21:07:52] CREATE:Loot, item 268483355:Herb of Vampiric Rage(1), L2PcInstance:Makia[268481738], L2MonsterInstance:Dire Wolf(20205)[268483334]
[20 jun 21:08:14] CREATE:Buy, item 268483358:Festival's Cloak - Pearl White - Event(1), L2PcInstance:Makia[268481738]
[20 jun 21:09:02] CREATE:Buy, item 268483365:Jack O'Lantern Mask (Event)(1), L2PcInstance:Makia[268481738]
[20 jun 21:09:02] CREATE:Buy, item 268483366:Super Strong Giant's Mask (Event) - Blessing of Skooldy : Protection of Darkness - 2 Hour Limited Period(1), L2PcInstance:Makia[268481738]
[20 jun 21:09:02] CREATE:Buy, item 268483367:Planet X235 Alien Mask (Event) - Blessing of Skooldy : Protection of Darkness - 2 Hour Limited Period(1), L2PcInstance:Makia[268481738]
[20 jun 21:09:02] CREATE:Buy, item 268483368:Shiny Planet X235 Alien Mask (Event) - Blessing of Halloween - 4-Hour Limited Period(1), L2PcInstance:Makia[268481738]
[20 jun 21:10:49] CREATE:Buy, item 268483400:Vorpal Leather Breastplate {PvP}(1), L2PcInstance:Makia[268481738]
[20 jun 21:10:49] CREATE:Buy, item 268483401:Vorpal Leather Legging(1), L2PcInstance:Makia[268481738]
[20 jun 21:10:49] CREATE:Buy, item 268483402:Vorpal Leather Breastplate(1), L2PcInstance:Makia[268481738]
[20 jun 21:10:49] CREATE:Buy, item 268483403:Vorpal Leather Helmet(1), L2PcInstance:Makia[268481738]
[20 jun 21:10:49] CREATE:Buy, item 268483404:Vorpal Leather Gloves(1), L2PcInstance:Makia[268481738]
[20 jun 21:10:49] CREATE:Buy, item 268483405:Vorpal Leather Boots(1), L2PcInstance:Makia[268481738]
[20 jun 21:11:04] CREATE:Buy, item 268483406:Mamba Edge Dual Daggers {PvP}(1), L2PcInstance:Makia[268481738]
[20 jun 21:11:12] SETOWNER:Trade, item 268483401:Vorpal Leather Legging(1), L2PcInstance:Makia[268481738], L2PcInstance:TagLife[268481956]
[20 jun 21:11:12] SETOWNER:Trade, item 268483402:Vorpal Leather Breastplate(1), L2PcInstance:Makia[268481738], L2PcInstance:TagLife[268481956]
[20 jun 21:11:12] SETOWNER:Trade, item 268483403:Vorpal Leather Helmet(1), L2PcInstance:Makia[268481738], L2PcInstance:TagLife[268481956]
[20 jun 21:11:12] SETOWNER:Trade, item 268483405:Vorpal Leather Boots(1), L2PcInstance:Makia[268481738], L2PcInstance:TagLife[268481956]
[20 jun 21:11:12] SETOWNER:Trade, item 268483404:Vorpal Leather Gloves(1), L2PcInstance:Makia[268481738], L2PcInstance:TagLife[268481956]
[20 jun 21:11:23] CREATE:Buy, item 268483407:Mamba Edge Dual Daggers(1), L2PcInstance:Makia[268481738]
[20 jun 21:11:30] CREATE:Buy, item 268483408:7th Anniversary Cloak - Blood Red(1), L2PcInstance:Makia[268481738]
[20 jun 21:11:36] SETOWNER:Trade, item 268483407:Mamba Edge Dual Daggers(1), L2PcInstance:Makia[268481738], L2PcInstance:TagLife[268481956]
[20 jun 21:11:40] CREATE:Buy, item 268483409:Cloak of Frintezza(1), L2PcInstance:Makia[268481738]
[20 jun 21:11:45] SETOWNER:Trade, item 268483409:Cloak of Frintezza(1), L2PcInstance:Makia[268481738], L2PcInstance:TagLife[268481956]
[20 jun 21:12:22] CREATE:Buy, item 268483411:Vorpal Leather Helmet(1), L2PcInstance:Makia[268481738]
[20 jun 21:12:25] SETOWNER:Drop, item 268483411:Vorpal Leather Helmet(1), L2PcInstance:Makia[268481738]
[20 jun 21:12:28] SETOWNER:Party, item 268483411:Vorpal Leather Helmet(1), L2PcInstance:TagLife[268481956], L2PcInstance:TagLife[268481956]
[20 jun 21:12:53] CREATE:Buy, item 268483417:Shiny Mask of Silent Scream (Event) - Blessing of Halloween - 4-Hour Limited Period(1), L2PcInstance:Makia[268481738]
[20 jun 21:14:51] CREATE:Buy, item 268483425:Shiny Mask of Silent Scream (Event) - Blessing of Halloween - 4-Hour Limited Period(1), L2PcInstance:TagLife[268481956]
[20 jun 21:22:10] CHANGE:Scheme system, item 268481631:Adena(1540980777), PrevCount(1540980977), L2PcInstance:Makia[268481738], L2PcInstance:Makia[268481738]
[20 jun 21:22:14] CHANGE:Scheme system, item 268481631:Adena(1540980577), PrevCount(1540980777), L2PcInstance:Makia[268481738], L2PcInstance:Makia[268481738]
[20 jun 21:22:32] CHANGE:Scheme system, item 268481631:Adena(1540976077), PrevCount(1540980577), L2PcInstance:Makia[268481738], L2PcInstance:Makia[268481738]
[20 jun 21:22:32] CHANGE:Scheme system, item 268481724:Adena(99899994500), PrevCount(99899999000), L2PcInstance:TagLife[268481956], L2PcInstance:TagLife[268481956]
[20 jun 21:26:24] CHANGE:Community Teleport, item 268481631:Adena(1540975077), PrevCount(1540976077), L2PcInstance:Makia[268481738], L2PcInstance:Makia[268481738]
[20 jun 21:26:29] CHANGE:Community Teleport, item 268481724:Adena(99899993500), PrevCount(99899994500), L2PcInstance:TagLife[268481956], L2PcInstance:TagLife[268481956]
[20 jun 21:27:00] CREATE:Buy, item 268483984:Soulshot (S-Grade)(20000), L2PcInstance:Makia[268481738]
[20 jun 21:27:04] CHANGE:Drop, item 268483984:Soulshot (S-Grade)(10000), PrevCount(20000), L2PcInstance:Makia[268481738]
[20 jun 21:27:04] CREATE:Drop, item 268483985:Soulshot (S-Grade)(10000), L2PcInstance:Makia[268481738]
[20 jun 21:27:08] SETOWNER:Party, item 268483985:Soulshot (S-Grade)(10000), L2PcInstance:TagLife[268481956], L2PcInstance:TagLife[268481956]
[20 jun 21:27:33] CHANGE:Party, item 268481724:Adena(99900000000), PrevCount(99899993500), L2PcInstance:TagLife[268481956], L2PcInstance:TagLife[268481956]
[20 jun 21:27:33] CREATE:Party, item 268483987:Metallic Fiber(1), L2PcInstance:TagLife[268481956], L2MonsterInstance:Maluk Hunter(22840)[268476766]
[20 jun 21:27:36] CHANGE:Party, item 268481631:Adena(15762014693), PrevCount(1540975077), L2PcInstance:Makia[268481738], L2PcInstance:TagLife[268481956]
[20 jun 21:27:37] CHANGE:Party, item 268481724:Adena(99900000000), PrevCount(99900000000), L2PcInstance:TagLife[268481956], L2PcInstance:TagLife[268481956]
[20 jun 21:27:37] CHANGE:Party, item 268483987:Metallic Fiber(2), PrevCount(1), L2PcInstance:TagLife[268481956], L2MonsterInstance:Maluk Hunter(22840)[268476765]
[20 jun 21:27:38] CHANGE:Party, item 268481631:Adena(40096215525), PrevCount(15762014693), L2PcInstance:Makia[268481738], L2PcInstance:Makia[268481738]
[20 jun 21:27:38] CHANGE:Party, item 268481724:Adena(99900000000), PrevCount(99900000000), L2PcInstance:TagLife[268481956], L2PcInstance:Makia[268481738]
[20 jun 21:27:38] CREATE:Party, item 268483988:High-Grade Suede(2), L2PcInstance:Makia[268481738], L2MonsterInstance:Maluk Princess(22841)[268476843]
[20 jun 21:27:38] CHANGE:Party, item 268481631:Adena(80438694373), PrevCount(40096215525), L2PcInstance:Makia[268481738], L2PcInstance:Makia[268481738]
[20 jun 21:27:38] CHANGE:Party, item 268481724:Adena(99900000000), PrevCount(99900000000), L2PcInstance:TagLife[268481956], L2PcInstance:Makia[268481738]
[20 jun 21:27:39] CREATE:Party, item 268483989:Cokes(14), L2PcInstance:Makia[268481738], L2MonsterInstance:Maluk Warlord(22839)[268476705]
[20 jun 21:27:39] CHANGE:Party, item 268481631:Adena(99900000000), PrevCount(80438694373), L2PcInstance:Makia[268481738], L2PcInstance:Makia[268481738]
[20 jun 21:27:39] CHANGE:Party, item 268481724:Adena(99900000000), PrevCount(99900000000), L2PcInstance:TagLife[268481956], L2PcInstance:Makia[268481738]
[20 jun 21:27:39] CHANGE:Party, item 268483989:Cokes(16), PrevCount(14), L2PcInstance:Makia[268481738], L2MonsterInstance:Maluk Princess(22841)[268476845]
[20 jun 21:27:44] CHANGE:Party, item 268481631:Adena(99900000000), PrevCount(99900000000), L2PcInstance:Makia[268481738], L2PcInstance:Makia[268481738]
[20 jun 21:27:44] CHANGE:Party, item 268481724:Adena(99900000000), PrevCount(99900000000), L2PcInstance:TagLife[268481956], L2PcInstance:Makia[268481738]
[20 jun 21:27:44] CREATE:Party, item 268483990:Adamantine(2), L2PcInstance:Makia[268481738], L2MonsterInstance:Maluk Warlord(22839)[268476706]
[20 jun 21:27:46] CHANGE:Party, item 268481631:Adena(99900000000), PrevCount(99900000000), L2PcInstance:Makia[268481738], L2PcInstance:TagLife[268481956]
[20 jun 21:27:46] CHANGE:Party, item 268481724:Adena(99900000000), PrevCount(99900000000), L2PcInstance:TagLife[268481956], L2PcInstance:TagLife[268481956]
[20 jun 21:27:46] CREATE:Party, item 268483991:High-Grade Suede(1), L2PcInstance:TagLife[268481956], L2MonsterInstance:Maluk Warlord(22839)[268476704]
[20 jun 21:27:46] CREATE:Party, item 268483992:Sealed Vesper Sigil Piece(1), L2PcInstance:TagLife[268481956], L2MonsterInstance:Maluk Warlord(22839)[268476704]
[20 jun 21:27:48] CHANGE:Party, item 268481631:Adena(99900000000), PrevCount(99900000000), L2PcInstance:Makia[268481738], L2PcInstance:TagLife[268481956]
[20 jun 21:27:48] CHANGE:Party, item 268481724:Adena(99900000000), PrevCount(99900000000), L2PcInstance:TagLife[268481956], L2PcInstance:TagLife[268481956]
[20 jun 21:27:48] CHANGE:Party, item 268483991:High-Grade Suede(2), PrevCount(1), L2PcInstance:TagLife[268481956], L2MonsterInstance:Maluk Princess(22841)[268476844]
[20 jun 21:28:05] CHANGE:Party, item 268481631:Adena(99900000000), PrevCount(99900000000), L2PcInstance:Makia[268481738], L2PcInstance:Makia[268481738]
[20 jun 21:28:05] CHANGE:Party, item 268481724:Adena(99900000000), PrevCount(99900000000), L2PcInstance:TagLife[268481956], L2PcInstance:Makia[268481738]
[20 jun 21:28:05] CHANGE:Party, item 268483988:High-Grade Suede(4), PrevCount(2), L2PcInstance:Makia[268481738], L2MonsterInstance:Maluk Warlord(22839)[268476711]
[20 jun 21:28:05] CREATE:Party, item 268483994:Sealed Vesper Verteidiger Piece(2), L2PcInstance:Makia[268481738], L2MonsterInstance:Maluk Warlord(22839)[268476711]
[20 jun 21:28:07] CHANGE:Party, item 268481631:Adena(99900000000), PrevCount(99900000000), L2PcInstance:Makia[268481738], L2PcInstance:Makia[268481738]
[20 jun 21:28:07] CHANGE:Party, item 268481724:Adena(99900000000), PrevCount(99900000000), L2PcInstance:TagLife[268481956], L2PcInstance:Makia[268481738]
[20 jun 21:28:07] CREATE:Party, item 268483996:Synthetic Cokes(2), L2PcInstance:Makia[268481738], L2MonsterInstance:Maluk Warlord(22839)[268476710]
[20 jun 21:28:08] CHANGE:Party, item 268481631:Adena(99900000000), PrevCount(99900000000), L2PcInstance:Makia[268481738], L2PcInstance:TagLife[268481956]
[20 jun 21:28:08] CHANGE:Party, item 268481724:Adena(99900000000), PrevCount(99900000000), L2PcInstance:TagLife[268481956], L2PcInstance:TagLife[268481956]
[20 jun 21:28:08] CHANGE:Party, item 268483987:Metallic Fiber(3), PrevCount(2), L2PcInstance:TagLife[268481956], L2MonsterInstance:Maluk Sniper (22843)[268476871]
[20 jun 21:28:08] CHANGE:Party, item 268481631:Adena(99900000000), PrevCount(99900000000), L2PcInstance:Makia[268481738], L2PcInstance:Makia[268481738]
[20 jun 21:28:08] CHANGE:Party, item 268481724:Adena(99900000000), PrevCount(99900000000), L2PcInstance:TagLife[268481956], L2PcInstance:Makia[268481738]
[20 jun 21:28:08] CREATE:Party, item 268483997:Wind Stone(2), L2PcInstance:Makia[268481738], L2MonsterInstance:Maluk Warlord(22839)[268476678]
[20 jun 21:28:08] CHANGE:Party, item 268483994:Sealed Vesper Verteidiger Piece(4), PrevCount(2), L2PcInstance:Makia[268481738], L2MonsterInstance:Maluk Warlord(22839)[268476678]
[20 jun 21:28:08] CHANGE:Party, item 268481631:Adena(99900000000), PrevCount(99900000000), L2PcInstance:Makia[268481738], L2PcInstance:Makia[268481738]
[20 jun 21:28:09] CHANGE:Party, item 268481724:Adena(99900000000), PrevCount(99900000000), L2PcInstance:TagLife[268481956], L2PcInstance:Makia[268481738]
[20 jun 21:28:09] CHANGE:Party, item 268483989:Cokes(28), PrevCount(16), L2PcInstance:Makia[268481738], L2MonsterInstance:Maluk Warlord(22839)[268476713]
[20 jun 21:28:09] CHANGE:Party, item 268481631:Adena(99900000000), PrevCount(99900000000), L2PcInstance:Makia[268481738], L2PcInstance:Makia[268481738]
[20 jun 21:28:09] CHANGE:Party, item 268481724:Adena(99900000000), PrevCount(99900000000), L2PcInstance:TagLife[268481956], L2PcInstance:Makia[268481738]
[20 jun 21:28:09] CHANGE:Party, item 268483989:Cokes(38), PrevCount(28), L2PcInstance:Makia[268481738], L2MonsterInstance:Maluk Warlord(22839)[268476715]
[20 jun 21:28:09] CREATE:Party, item 268483998:Sealed Vesper Leather Helmet Piece(2), L2PcInstance:Makia[268481738], L2MonsterInstance:Maluk Warlord(22839)[268476715]
[20 jun 21:28:09] CHANGE:Party, item 268481631:Adena(99900000000), PrevCount(99900000000), L2PcInstance:Makia[268481738], L2PcInstance:Makia[268481738]
[20 jun 21:28:09] CHANGE:Party, item 268481724:Adena(99900000000), PrevCount(99900000000), L2PcInstance:TagLife[268481956], L2PcInstance:Makia[268481738]
[20 jun 21:28:09] CREATE:Party, item 268483999:Mold Lubricant(2), L2PcInstance:Makia[268481738], L2MonsterInstance:Maluk Banshee(22842)[268476854]
[20 jun 21:28:09] CHANGE:Party, item 268481631:Adena(99900000000), PrevCount(99900000000), L2PcInstance:Makia[268481738], L2PcInstance:Makia[268481738]
[20 jun 21:28:09] CHANGE:Party, item 268481724:Adena(99900000000), PrevCount(99900000000), L2PcInstance:TagLife[268481956], L2PcInstance:Makia[268481738]
[20 jun 21:28:09] CREATE:Party, item 268484000:Life Stone - Level 84(2), L2PcInstance:Makia[268481738], L2MonsterInstance:Maluk Banshee(22842)[268476855]
[20 jun 21:28:09] CHANGE:Party, item 268481631:Adena(99900000000), PrevCount(99900000000), L2PcInstance:Makia[268481738], L2PcInstance:Makia[268481738]
[20 jun 21:28:09] CHANGE:Party, item 268481724:Adena(99900000000), PrevCount(99900000000), L2PcInstance:TagLife[268481956], L2PcInstance:Makia[268481738]
[20 jun 21:28:09] CREATE:Party, item 268484001:Metallic Fiber(2), L2PcInstance:Makia[268481738], L2MonsterInstance:Maluk Sniper (22843)[268476864]
[20 jun 21:28:09] CHANGE:Party, item 268481631:Adena(99900000000), PrevCount(99900000000), L2PcInstance:Makia[268481738], L2PcInstance:Makia[268481738]
[20 jun 21:28:09] CHANGE:Party, item 268481724:Adena(99900000000), PrevCount(99900000000), L2PcInstance:TagLife[268481956], L2PcInstance:Makia[268481738]
[20 jun 21:28:09] CREATE:Party, item 268484002:Earth Stone(2), L2PcInstance:Makia[268481738], L2MonsterInstance:Dragon Knight(22844)[268476895]
[20 jun 21:28:10] CHANGE:Party, item 268481631:Adena(99900000000), PrevCount(99900000000), L2PcInstance:Makia[268481738], L2PcInstance:Makia[268481738]
[20 jun 21:28:10] CHANGE:Party, item 268481724:Adena(99900000000), PrevCount(99900000000), L2PcInstance:TagLife[268481956], L2PcInstance:Makia[268481738]
[20 jun 21:28:10] CREATE:Party, item 268484004:Durable Metal Plate(2), L2PcInstance:Makia[268481738], L2MonsterInstance:Maluk Warlord(22839)[268476722]
[20 jun 21:28:12] CHANGE:Party, item 268481631:Adena(99900000000), PrevCount(99900000000), L2PcInstance:Makia[268481738], L2PcInstance:Makia[268481738]
[20 jun 21:28:12] CHANGE:Party, item 268481724:Adena(99900000000), PrevCount(99900000000), L2PcInstance:TagLife[268481956], L2PcInstance:Makia[268481738]
[20 jun 21:28:12] CHANGE:Party, item 268483988:High-Grade Suede(6), PrevCount(4), L2PcInstance:Makia[268481738], L2MonsterInstance:Maluk Warlord(22839)[268476721]
[20 jun 21:28:14] CHANGE:Party, item 268481631:Adena(99900000000), PrevCount(99900000000), L2PcInstance:Makia[268481738], L2PcInstance:Makia[268481738]
[20 jun 21:28:14] CHANGE:Party, item 268481724:Adena(99900000000), PrevCount(99900000000), L2PcInstance:TagLife[268481956], L2PcInstance:Makia[268481738]
[20 jun 21:28:14] CREATE:Party, item 268484006:Mold Glue(2), L2PcInstance:Makia[268481738], L2MonsterInstance:Dragon Knight(22845)[268484003]
[20 jun 21:28:16] CHANGE:Party, item 268481631:Adena(99900000000), PrevCount(99900000000), L2PcInstance:Makia[268481738], L2PcInstance:Makia[268481738]
[20 jun 21:28:16] CHANGE:Party, item 268481724:Adena(99900000000), PrevCount(99900000000), L2PcInstance:TagLife[268481956], L2PcInstance:Makia[268481738]
[20 jun 21:28:16] CHANGE:Party, item 268483999:Mold Lubricant(4), PrevCount(2), L2PcInstance:Makia[268481738], L2MonsterInstance:Maluk Hunter(22840)[268476770]
[20 jun 21:28:16] CHANGE:Party, item 268481631:Adena(99900000000), PrevCount(99900000000), L2PcInstance:Makia[268481738], L2PcInstance:Makia[268481738]
[20 jun 21:28:16] CHANGE:Party, item 268481724:Adena(99900000000), PrevCount(99900000000), L2PcInstance:TagLife[268481956], L2PcInstance:Makia[268481738]
[20 jun 21:28:16] CHANGE:Party, item 268483996:Synthetic Cokes(4), PrevCount(2), L2PcInstance:Makia[268481738], L2MonsterInstance:Maluk Warlord(22839)[268476712]
[20 jun 21:28:16] CHANGE:Party, item 268481631:Adena(99900000000), PrevCount(99900000000), L2PcInstance:Makia[268481738], L2PcInstance:Makia[268481738]
[20 jun 21:28:16] CHANGE:Party, item 268481724:Adena(99900000000), PrevCount(99900000000), L2PcInstance:TagLife[268481956], L2PcInstance:Makia[268481738]
[20 jun 21:28:16] CHANGE:Party, item 268484001:Metallic Fiber(6), PrevCount(2), L2PcInstance:Makia[268481738], L2MonsterInstance:Maluk Hunter(22840)[268476772]
[20 jun 21:28:21] CHANGE:Party, item 268481631:Adena(99900000000), PrevCount(99900000000), L2PcInstance:Makia[268481738], L2PcInstance:Makia[268481738]
[20 jun 21:28:21] CHANGE:Party, item 268481724:Adena(99900000000), PrevCount(99900000000), L2PcInstance:TagLife[268481956], L2PcInstance:Makia[268481738]
[20 jun 21:28:21] CREATE:Party, item 268484007:Enria(12), L2PcInstance:Makia[268481738], L2MonsterInstance:Knoriks(22857)[268477455]
[20 jun 21:29:07] CHANGE:Party, item 268481631:Adena(99900000000), PrevCount(99900000000), L2PcInstance:Makia[268481738], L2PcInstance:TagLife[268481956]
[20 jun 21:29:07] CHANGE:Party, item 268481724:Adena(99900000000), PrevCount(99900000000), L2PcInstance:TagLife[268481956], L2PcInstance:TagLife[268481956]
[20 jun 21:29:07] CREATE:Party, item 268484021:Life Stone - Level 84(1), L2PcInstance:TagLife[268481956], L2MonsterInstance:Maluk Warlord(22839)[268476709]
[20 jun 21:29:09] CHANGE:Party, item 268481631:Adena(99900000000), PrevCount(99900000000), L2PcInstance:Makia[268481738], L2PcInstance:Makia[268481738]
[20 jun 21:29:09] CHANGE:Party, item 268481724:Adena(99900000000), PrevCount(99900000000), L2PcInstance:TagLife[268481956], L2PcInstance:Makia[268481738]
[20 jun 21:29:09] CHANGE:Party, item 268483989:Cokes(46), PrevCount(38), L2PcInstance:Makia[268481738], L2MonsterInstance:Maluk Warlord(22839)[268476717]
[20 jun 21:29:09] CHANGE:Party, item 268481631:Adena(99900000000), PrevCount(99900000000), L2PcInstance:Makia[268481738], L2PcInstance:Makia[268481738]
[20 jun 21:29:09] CHANGE:Party, item 268481724:Adena(99900000000), PrevCount(99900000000), L2PcInstance:TagLife[268481956], L2PcInstance:Makia[268481738]
[20 jun 21:29:09] CREATE:Party, item 268484022:Leonard(2), L2PcInstance:Makia[268481738], L2MonsterInstance:Maluk Warlord(22839)[268476723]
[20 jun 21:29:09] CREATE:Party, item 268484023:Sealed Vesper Helmet Piece(2), L2PcInstance:Makia[268481738], L2MonsterInstance:Maluk Warlord(22839)[268476723]
[20 jun 21:29:09] CHANGE:Party, item 268481631:Adena(99900000000), PrevCount(99900000000), L2PcInstance:Makia[268481738], L2PcInstance:Makia[268481738]
[20 jun 21:29:09] CHANGE:Party, item 268481724:Adena(99900000000), PrevCount(99900000000), L2PcInstance:TagLife[268481956], L2PcInstance:Makia[268481738]
[20 jun 21:29:09] CHANGE:Party, item 268484001:Metallic Fiber(8), PrevCount(6), L2PcInstance:Makia[268481738], L2MonsterInstance:Maluk Hunter(22840)[268476740]
[20 jun 21:29:09] CHANGE:Party, item 268481631:Adena(99900000000), PrevCount(99900000000), L2PcInstance:Makia[268481738], L2PcInstance:Makia[268481738]
[20 jun 21:29:09] CHANGE:Party, item 268481724:Adena(99900000000), PrevCount(99900000000), L2PcInstance:TagLife[268481956], L2PcInstance:Makia[268481738]
[20 jun 21:29:09] CHANGE:Party, item 268483988:High-Grade Suede(8), PrevCount(6), L2PcInstance:Makia[268481738], L2MonsterInstance:Maluk Princess(22841)[268476846]
[20 jun 21:29:09] CHANGE:Party, item 268481631:Adena(99900000000), PrevCount(99900000000), L2PcInstance:Makia[268481738], L2PcInstance:Makia[268481738]
[20 jun 21:29:09] CHANGE:Party, item 268481724:Adena(99900000000), PrevCount(99900000000), L2PcInstance:TagLife[268481956], L2PcInstance:Makia[268481738]
[20 jun 21:29:09] CHANGE:Party, item 268483989:Cokes(48), PrevCount(46), L2PcInstance:Makia[268481738], L2MonsterInstance:Maluk Princess(22841)[268476847]
[20 jun 21:29:09] CHANGE:Party, item 268481631:Adena(99900000000), PrevCount(99900000000), L2PcInstance:Makia[268481738], L2PcInstance:Makia[268481738]
[20 jun 21:29:09] CHANGE:Party, item 268481724:Adena(99900000000), PrevCount(99900000000), L2PcInstance:TagLife[268481956], L2PcInstance:Makia[268481738]
[20 jun 21:29:09] CHANGE:Party, item 268484001:Metallic Fiber(10), PrevCount(8), L2PcInstance:Makia[268481738], L2MonsterInstance:Maluk Sniper (22843)[268476865]
[20 jun 21:29:09] CHANGE:Party, item 268481631:Adena(99900000000), PrevCount(99900000000), L2PcInstance:Makia[268481738], L2PcInstance:Makia[268481738]
[20 jun 21:29:09] CHANGE:Party, item 268481724:Adena(99900000000), PrevCount(99900000000), L2PcInstance:TagLife[268481956], L2PcInstance:Makia[268481738]
[20 jun 21:29:09] CHANGE:Party, item 268483999:Mold Lubricant(6), PrevCount(4), L2PcInstance:Makia[268481738], L2MonsterInstance:Maluk Sniper (22843)[268476872]
[20 jun 21:29:11] CHANGE:Party, item 268481631:Adena(99900000000), PrevCount(99900000000), L2PcInstance:Makia[268481738], L2PcInstance:Makia[268481738]
[20 jun 21:29:11] CHANGE:Party, item 268481724:Adena(99900000000), PrevCount(99900000000), L2PcInstance:TagLife[268481956], L2PcInstance:Makia[268481738]
[20 jun 21:29:11] CHANGE:Party, item 268483988:High-Grade Suede(10), PrevCount(8), L2PcInstance:Makia[268481738], L2MonsterInstance:Maluk Warlord(22839)[268476720]
[20 jun 21:29:12] CHANGE:Party, item 268481631:Adena(99900000000), PrevCount(99900000000), L2PcInstance:Makia[268481738], L2PcInstance:Makia[268481738]
[20 jun 21:29:12] CHANGE:Party, item 268481631:Adena(99900000000), PrevCount(99900000000), L2PcInstance:Makia[268481738], L2PcInstance:TagLife[268481956]
[20 jun 21:29:12] CHANGE:Party, item 268481724:Adena(99900000000), PrevCount(99900000000), L2PcInstance:TagLife[268481956], L2PcInstance:TagLife[268481956]
[20 jun 21:29:12] CHANGE:Party, item 268481724:Adena(99900000000), PrevCount(99900000000), L2PcInstance:TagLife[268481956], L2PcInstance:Makia[268481738]
[20 jun 21:29:12] CHANGE:Party, item 268483988:High-Grade Suede(12), PrevCount(10), L2PcInstance:Makia[268481738], L2MonsterInstance:Maluk Warlord(22839)[268476718]
[20 jun 21:29:12] CREATE:Party, item 268484025:Cokes(3), L2PcInstance:TagLife[268481956], L2MonsterInstance:Maluk Leader(22838)[268476589]
[20 jun 21:29:12] CHANGE:Party, item 268481631:Adena(99900000000), PrevCount(99900000000), L2PcInstance:Makia[268481738], L2PcInstance:Makia[268481738]
[20 jun 21:29:12] CHANGE:Party, item 268481724:Adena(99900000000), PrevCount(99900000000), L2PcInstance:TagLife[268481956], L2PcInstance:Makia[268481738]
[20 jun 21:29:12] CHANGE:Party, item 268483988:High-Grade Suede(14), PrevCount(12), L2PcInstance:Makia[268481738], L2MonsterInstance:Maluk Warlord(22839)[268476719]
[20 jun 21:29:12] CHANGE:Party, item 268481631:Adena(99900000000), PrevCount(99900000000), L2PcInstance:Makia[268481738], L2PcInstance:Makia[268481738]
[20 jun 21:29:12] CHANGE:Party, item 268481724:Adena(99900000000), PrevCount(99900000000), L2PcInstance:TagLife[268481956], L2PcInstance:Makia[268481738]
[20 jun 21:29:12] CHANGE:Party, item 268483988:High-Grade Suede(16), PrevCount(14), L2PcInstance:Makia[268481738], L2MonsterInstance:Maluk Warlord(22839)[268476729]
[20 jun 21:29:12] CREATE:Party, item 268484026:Sealed Vesper Sigil Piece(2), L2PcInstance:Makia[268481738], L2MonsterInstance:Maluk Warlord(22839)[268476729]
[20 jun 21:29:14] CHANGE:Party, item 268481631:Adena(99900000000), PrevCount(99900000000), L2PcInstance:Makia[268481738], L2PcInstance:TagLife[268481956]
[20 jun 21:29:14] CHANGE:Party, item 268481724:Adena(99900000000), PrevCount(99900000000), L2PcInstance:TagLife[268481956], L2PcInstance:TagLife[268481956]
[20 jun 21:29:14] CHANGE:Party, item 268483987:Metallic Fiber(4), PrevCount(3), L2PcInstance:TagLife[268481956], L2MonsterInstance:Maluk Hunter(22840)[268476769]
[20 jun 21:29:14] CHANGE:Party, item 268481631:Adena(99900000000), PrevCount(99900000000), L2PcInstance:Makia[268481738], L2PcInstance:Makia[268481738]
[20 jun 21:29:14] CHANGE:Party, item 268481724:Adena(99900000000), PrevCount(99900000000), L2PcInstance:TagLife[268481956], L2PcInstance:Makia[268481738]
[20 jun 21:29:14] CHANGE:Party, item 268483988:High-Grade Suede(18), PrevCount(16), L2PcInstance:Makia[268481738], L2MonsterInstance:Maluk Leader(22838)[268476588]
[20 jun 21:29:16] CHANGE:Party, item 268481631:Adena(99900000000), PrevCount(99900000000), L2PcInstance:Makia[268481738], L2PcInstance:TagLife[268481956]
[20 jun 21:29:16] CHANGE:Party, item 268481724:Adena(99900000000), PrevCount(99900000000), L2PcInstance:TagLife[268481956], L2PcInstance:TagLife[268481956]
[20 jun 21:29:16] CHANGE:Party, item 268483991:High-Grade Suede(3), PrevCount(2), L2PcInstance:TagLife[268481956], L2MonsterInstance:Maluk Leader(22838)[268476585]
[20 jun 21:29:16] CHANGE:Party, item 268481631:Adena(99900000000), PrevCount(99900000000), L2PcInstance:Makia[268481738], L2PcInstance:Makia[268481738]
[20 jun 21:29:16] CHANGE:Party, item 268481724:Adena(99900000000), PrevCount(99900000000), L2PcInstance:TagLife[268481956], L2PcInstance:Makia[268481738]
[20 jun 21:29:16] CREATE:Party, item 268484029:Mithril Alloy(2), L2PcInstance:Makia[268481738], L2MonsterInstance:Maluk Warlord(22839)[268476691]
[20 jun 21:29:16] CHANGE:Party, item 268481631:Adena(99900000000), PrevCount(99900000000), L2PcInstance:Makia[268481738], L2PcInstance:Makia[268481738]
[20 jun 21:29:16] CHANGE:Party, item 268481724:Adena(99900000000), PrevCount(99900000000), L2PcInstance:TagLife[268481956], L2PcInstance:Makia[268481738]
[20 jun 21:29:16] CHANGE:Party, item 268483988:High-Grade Suede(20), PrevCount(18), L2PcInstance:Makia[268481738], L2MonsterInstance:Maluk Warlord(22839)[268476707]
[20 jun 21:29:16] CREATE:Party, item 268484030:Sealed Vesper Circlet Piece(2), L2PcInstance:Makia[268481738], L2MonsterInstance:Maluk Warlord(22839)[268476707]
[20 jun 21:29:16] CHANGE:Party, item 268481631:Adena(99900000000), PrevCount(99900000000), L2PcInstance:Makia[268481738], L2PcInstance:Makia[268481738]
[20 jun 21:29:16] CHANGE:Party, item 268481724:Adena(99900000000), PrevCount(99900000000), L2PcInstance:TagLife[268481956], L2PcInstance:Makia[268481738]
[20 jun 21:29:16] CHANGE:Party, item 268484001:Metallic Fiber(14), PrevCount(10), L2PcInstance:Makia[268481738], L2MonsterInstance:Maluk Hunter(22840)[268476747]
[20 jun 21:29:16] CHANGE:Party, item 268481631:Adena(99900000000), PrevCount(99900000000), L2PcInstance:Makia[268481738], L2PcInstance:Makia[268481738]
[20 jun 21:29:16] CHANGE:Party, item 268481724:Adena(99900000000), PrevCount(99900000000), L2PcInstance:TagLife[268481956], L2PcInstance:Makia[268481738]
[20 jun 21:29:16] CHANGE:Party, item 268484001:Metallic Fiber(16), PrevCount(14), L2PcInstance:Makia[268481738], L2MonsterInstance:Maluk Hunter(22840)[268476768]
[20 jun 21:29:16] CHANGE:Party, item 268481631:Adena(99900000000), PrevCount(99900000000), L2PcInstance:Makia[268481738], L2PcInstance:Makia[268481738]
[20 jun 21:29:16] CHANGE:Party, item 268481724:Adena(99900000000), PrevCount(99900000000), L2PcInstance:TagLife[268481956], L2PcInstance:Makia[268481738]
[20 jun 21:29:16] CHANGE:Party, item 268483988:High-Grade Suede(22), PrevCount(20), L2PcInstance:Makia[268481738], L2MonsterInstance:Maluk Princess(22841)[268476838]
[20 jun 21:29:18] CHANGE:Party, item 268481631:Adena(99900000000), PrevCount(99900000000), L2PcInstance:Makia[268481738], L2PcInstance:Makia[268481738]
[20 jun 21:29:18] CHANGE:Party, item 268481724:Adena(99900000000), PrevCount(99900000000), L2PcInstance:TagLife[268481956], L2PcInstance:Makia[268481738]
[20 jun 21:29:18] CHANGE:Party, item 268483997:Wind Stone(4), PrevCount(2), L2PcInstance:Makia[268481738], L2MonsterInstance:Maluk Princess(22841)[268476839]
[20 jun 21:29:18] CHANGE:Party, item 268481631:Adena(99900000000), PrevCount(99900000000), L2PcInstance:Makia[268481738], L2PcInstance:Makia[268481738]
[20 jun 21:29:18] CHANGE:Party, item 268481724:Adena(99900000000), PrevCount(99900000000), L2PcInstance:TagLife[268481956], L2PcInstance:Makia[268481738]
[20 jun 21:29:18] CHANGE:Party, item 268483989:Cokes(52), PrevCount(48), L2PcInstance:Makia[268481738], L2MonsterInstance:Maluk Princess(22841)[268476837]
[20 jun 21:29:18] CHANGE:Party, item 268481631:Adena(99900000000), PrevCount(99900000000), L2PcInstance:Makia[268481738], L2PcInstance:Makia[268481738]
[20 jun 21:29:18] CHANGE:Party, item 268481724:Adena(99900000000), PrevCount(99900000000), L2PcInstance:TagLife[268481956], L2PcInstance:Makia[268481738]
[20 jun 21:29:18] CHANGE:Party, item 268483988:High-Grade Suede(24), PrevCount(22), L2PcInstance:Makia[268481738], L2MonsterInstance:Maluk Leader(22838)[268476586]
[20 jun 21:29:18] CHANGE:Party, item 268481631:Adena(99900000000), PrevCount(99900000000), L2PcInstance:Makia[268481738], L2PcInstance:Makia[268481738]
[20 jun 21:29:18] CHANGE:Party, item 268481724:Adena(99900000000), PrevCount(99900000000), L2PcInstance:TagLife[268481956], L2PcInstance:Makia[268481738]
[20 jun 21:29:18] CHANGE:Party, item 268483988:High-Grade Suede(26), PrevCount(24), L2PcInstance:Makia[268481738], L2MonsterInstance:Dragon Knight(22844)[268476894]
[20 jun 21:29:22] CHANGE:Party, item 268481631:Adena(99900000000), PrevCount(99900000000), L2PcInstance:Makia[268481738], L2PcInstance:Makia[268481738]
[20 jun 21:29:22] CHANGE:Party, item 268481724:Adena(99900000000), PrevCount(99900000000), L2PcInstance:TagLife[268481956], L2PcInstance:Makia[268481738]
[20 jun 21:29:22] CHANGE:Party, item 268483996:Synthetic Cokes(6), PrevCount(4), L2PcInstance:Makia[268481738], L2MonsterInstance:Maluk Warlord(22839)[268476708]
[20 jun 21:29:32] CHANGE:Party, item 268481631:Adena(99900000000), PrevCount(99900000000), L2PcInstance:Makia[268481738], L2PcInstance:Makia[268481738]
[20 jun 21:29:32] CHANGE:Party, item 268481724:Adena(99900000000), PrevCount(99900000000), L2PcInstance:TagLife[268481956], L2PcInstance:Makia[268481738]
[20 jun 21:29:32] CHANGE:Party, item 268483988:High-Grade Suede(30), PrevCount(26), L2PcInstance:Makia[268481738], L2MonsterInstance:Dragon Knight(22844)[268476887]
[20 jun 21:29:32] CHANGE:Party, item 268481631:Adena(99900000000), PrevCount(99900000000), L2PcInstance:Makia[268481738], L2PcInstance:Makia[268481738]
[20 jun 21:29:32] CHANGE:Party, item 268481724:Adena(99900000000), PrevCount(99900000000), L2PcInstance:TagLife[268481956], L2PcInstance:Makia[268481738]
[20 jun 21:29:32] CHANGE:Party, item 268483989:Cokes(54), PrevCount(52), L2PcInstance:Makia[268481738], L2MonsterInstance:Maluk Princess(22841)[268476849]
[20 jun 21:29:32] CHANGE:Party, item 268481631:Adena(99900000000), PrevCount(99900000000), L2PcInstance:Makia[268481738], L2PcInstance:Makia[268481738]
[20 jun 21:29:32] CHANGE:Party, item 268481724:Adena(99900000000), PrevCount(99900000000), L2PcInstance:TagLife[268481956], L2PcInstance:Makia[268481738]
[20 jun 21:29:32] CHANGE:Party, item 268484001:Metallic Fiber(20), PrevCount(16), L2PcInstance:Makia[268481738], L2MonsterInstance:Maluk Sniper (22843)[268476873]
[20 jun 21:29:33] CHANGE:Party, item 268481631:Adena(99900000000), PrevCount(99900000000), L2PcInstance:Makia[268481738], L2PcInstance:Makia[268481738]
[20 jun 21:29:33] CHANGE:Party, item 268481724:Adena(99900000000), PrevCount(99900000000), L2PcInstance:TagLife[268481956], L2PcInstance:Makia[268481738]
[20 jun 21:29:33] CHANGE:Party, item 268483999:Mold Lubricant(8), PrevCount(6), L2PcInstance:Makia[268481738], L2MonsterInstance:Maluk Sniper (22843)[268476875]
[20 jun 21:29:33] CHANGE:Party, item 268481631:Adena(99900000000), PrevCount(99900000000), L2PcInstance:Makia[268481738], L2PcInstance:Makia[268481738]
[20 jun 21:29:33] CHANGE:Party, item 268484004:Durable Metal Plate(4), PrevCount(2), L2PcInstance:Makia[268481738], L2MonsterInstance:Maluk Warlord(22839)[268476724]
[20 jun 21:29:33] CHANGE:Party, item 268484023:Sealed Vesper Helmet Piece(4), PrevCount(2), L2PcInstance:Makia[268481738], L2MonsterInstance:Maluk Warlord(22839)[268476724]
[20 jun 21:29:33] CHANGE:Party, item 268481631:Adena(99900000000), PrevCount(99900000000), L2PcInstance:Makia[268481738], L2PcInstance:Makia[268481738]
[20 jun 21:29:33] CHANGE:Party, item 268484001:Metallic Fiber(22), PrevCount(20), L2PcInstance:Makia[268481738], L2MonsterInstance:Maluk Hunter(22840)[268476742]
[20 jun 21:29:33] CHANGE:Party, item 268481631:Adena(99900000000), PrevCount(99900000000), L2PcInstance:Makia[268481738], L2PcInstance:Makia[268481738]
[20 jun 21:29:33] CHANGE:Party, item 268481724:Adena(99900000000), PrevCount(99900000000), L2PcInstance:TagLife[268481956], L2PcInstance:Makia[268481738]
[20 jun 21:29:33] CHANGE:Party, item 268484001:Metallic Fiber(26), PrevCount(22), L2PcInstance:Makia[268481738], L2MonsterInstance:Maluk Sniper (22843)[268476877]
[20 jun 21:29:35] CHANGE:Party, item 268481631:Adena(99900000000), PrevCount(99900000000), L2PcInstance:Makia[268481738], L2PcInstance:Makia[268481738]
[20 jun 21:29:35] CHANGE:Party, item 268481724:Adena(99900000000), PrevCount(99900000000), L2PcInstance:TagLife[268481956], L2PcInstance:Makia[268481738]
[20 jun 21:29:35] CHANGE:Party, item 268483988:High-Grade Suede(32), PrevCount(30), L2PcInstance:Makia[268481738], L2MonsterInstance:Maluk Warlord(22839)[268476730]
[20 jun 21:29:35] CHANGE:Party, item 268481631:Adena(99900000000), PrevCount(99900000000), L2PcInstance:Makia[268481738], L2PcInstance:Makia[268481738]
[20 jun 21:29:35] CHANGE:Party, item 268483988:High-Grade Suede(34), PrevCount(32), L2PcInstance:Makia[268481738], L2MonsterInstance:Maluk Warlord(22839)[268476731]
[20 jun 21:29:35] CHANGE:Party, item 268481631:Adena(99900000000), PrevCount(99900000000), L2PcInstance:Makia[268481738], L2PcInstance:Makia[268481738]
[20 jun 21:29:35] CHANGE:Party, item 268481724:Adena(99900000000), PrevCount(99900000000), L2PcInstance:TagLife[268481956], L2PcInstance:Makia[268481738]
[20 jun 21:29:35] CREATE:Party, item 268484046:Mid-Grade Life Stone - Level 84(2), L2PcInstance:Makia[268481738], L2MonsterInstance:Maluk Hunter(22840)[268476741]
[20 jun 21:29:37] CHANGE:Party, item 268481631:Adena(99900000000), PrevCount(99900000000), L2PcInstance:Makia[268481738], L2PcInstance:Makia[268481738]
[20 jun 21:29:37] CREATE:Party, item 268484047:Orichalcum(2), L2PcInstance:Makia[268481738], L2MonsterInstance:Maluk Hunter(22840)[268476744]
[20 jun 21:29:37] CHANGE:Party, item 268481631:Adena(99900000000), PrevCount(99900000000), L2PcInstance:Makia[268481738], L2PcInstance:Makia[268481738]
[20 jun 21:29:37] CHANGE:Party, item 268484001:Metallic Fiber(28), PrevCount(26), L2PcInstance:Makia[268481738], L2MonsterInstance:Maluk Hunter(22840)[268476743]
[20 jun 21:29:39] CHANGE:Party, item 268481631:Adena(99900000000), PrevCount(99900000000), L2PcInstance:Makia[268481738], L2PcInstance:Makia[268481738]
[20 jun 21:29:39] CHANGE:Party, item 268483996:Synthetic Cokes(8), PrevCount(6), L2PcInstance:Makia[268481738], L2MonsterInstance:Maluk Warlord(22839)[268476733]
[20 jun 21:29:39] CHANGE:Party, item 268483998:Sealed Vesper Leather Helmet Piece(4), PrevCount(2), L2PcInstance:Makia[268481738], L2MonsterInstance:Maluk Warlord(22839)[268476733]
[20 jun 21:29:40] CHANGE:Party, item 268481631:Adena(99900000000), PrevCount(99900000000), L2PcInstance:Makia[268481738], L2PcInstance:Makia[268481738]
[20 jun 21:29:40] CHANGE:Party, item 268481724:Adena(99900000000), PrevCount(99900000000), L2PcInstance:TagLife[268481956], L2PcInstance:Makia[268481738]
[20 jun 21:29:40] CHANGE:Party, item 268483988:High-Grade Suede(36), PrevCount(34), L2PcInstance:Makia[268481738], L2MonsterInstance:Maluk Warlord(22839)[268476679]
[20 jun 21:29:40] CHANGE:Party, item 268481631:Adena(99900000000), PrevCount(99900000000), L2PcInstance:Makia[268481738], L2PcInstance:Makia[268481738]
[20 jun 21:29:40] CHANGE:Party, item 268481724:Adena(99900000000), PrevCount(99900000000), L2PcInstance:TagLife[268481956], L2PcInstance:Makia[268481738]
[20 jun 21:29:40] CHANGE:Party, item 268483989:Cokes(60), PrevCount(54), L2PcInstance:Makia[268481738], L2MonsterInstance:Maluk Warlord(22839)[268476732]
[20 jun 21:29:40] CHANGE:Party, item 268481631:Adena(99900000000), PrevCount(99900000000), L2PcInstance:Makia[268481738], L2PcInstance:Makia[268481738]
[20 jun 21:29:40] CHANGE:Party, item 268481724:Adena(99900000000), PrevCount(99900000000), L2PcInstance:TagLife[268481956], L2PcInstance:Makia[268481738]
[20 jun 21:29:40] CHANGE:Party, item 268484001:Metallic Fiber(32), PrevCount(28), L2PcInstance:Makia[268481738], L2MonsterInstance:Maluk Hunter(22840)[268476738]
[20 jun 21:29:40] CHANGE:Party, item 268481631:Adena(99900000000), PrevCount(99900000000), L2PcInstance:Makia[268481738], L2PcInstance:Makia[268481738]
[20 jun 21:29:40] CHANGE:Party, item 268481724:Adena(99900000000), PrevCount(99900000000), L2PcInstance:TagLife[268481956], L2PcInstance:Makia[268481738]
[20 jun 21:29:41] CHANGE:Party, item 268484001:Metallic Fiber(34), PrevCount(32), L2PcInstance:Makia[268481738], L2MonsterInstance:Maluk Hunter(22840)[268476739]
[20 jun 21:29:44] CHANGE:Party, item 268481631:Adena(99900000000), PrevCount(99900000000), L2PcInstance:Makia[268481738], L2PcInstance:Makia[268481738]
[20 jun 21:29:44] CHANGE:Party, item 268484001:Metallic Fiber(36), PrevCount(34), L2PcInstance:Makia[268481738], L2MonsterInstance:Maluk Hunter(22840)[268484036]
[20 jun 21:29:44] CHANGE:Party, item 268481631:Adena(99900000000), PrevCount(99900000000), L2PcInstance:Makia[268481738], L2PcInstance:Makia[268481738]
[20 jun 21:29:44] CHANGE:Party, item 268484047:Orichalcum(4), PrevCount(2), L2PcInstance:Makia[268481738], L2MonsterInstance:Maluk Banshee(22842)[268484033]
[20 jun 21:29:44] CHANGE:Party, item 268481631:Adena(99900000000), PrevCount(99900000000), L2PcInstance:Makia[268481738], L2PcInstance:Makia[268481738]
[20 jun 21:29:44] CHANGE:Party, item 268484001:Metallic Fiber(40), PrevCount(36), L2PcInstance:Makia[268481738], L2MonsterInstance:Maluk Sniper (22843)[268484035]
[20 jun 21:29:44] CHANGE:Party, item 268481631:Adena(99900000000), PrevCount(99900000000), L2PcInstance:Makia[268481738], L2PcInstance:Makia[268481738]
[20 jun 21:29:44] CHANGE:Party, item 268483996:Synthetic Cokes(10), PrevCount(8), L2PcInstance:Makia[268481738], L2MonsterInstance:Maluk Warlord(22839)[268484037]
[20 jun 21:29:44] CHANGE:Party, item 268481631:Adena(99900000000), PrevCount(99900000000), L2PcInstance:Makia[268481738], L2PcInstance:Makia[268481738]
[20 jun 21:29:44] CHANGE:Party, item 268484022:Leonard(4), PrevCount(2), L2PcInstance:Makia[268481738], L2MonsterInstance:Maluk Warlord(22839)[268484038]
[20 jun 21:29:44] CHANGE:Party, item 268481631:Adena(99900000000), PrevCount(99900000000), L2PcInstance:Makia[268481738], L2PcInstance:Makia[268481738]
[20 jun 21:29:44] CHANGE:Party, item 268484001:Metallic Fiber(44), PrevCount(40), L2PcInstance:Makia[268481738], L2MonsterInstance:Maluk Banshee(22842)[268484039]
[20 jun 21:29:44] CHANGE:Party, item 268481631:Adena(99900000000), PrevCount(99900000000), L2PcInstance:Makia[268481738], L2PcInstance:Makia[268481738]
[20 jun 21:29:44] CHANGE:Party, item 268483988:High-Grade Suede(38), PrevCount(36), L2PcInstance:Makia[268481738], L2MonsterInstance:Maluk Warlord(22839)[268484040]
[20 jun 21:29:46] CHANGE:Party, item 268481631:Adena(99900000000), PrevCount(99900000000), L2PcInstance:Makia[268481738], L2PcInstance:Makia[268481738]
[20 jun 21:29:46] CHANGE:Party, item 268484001:Metallic Fiber(48), PrevCount(44), L2PcInstance:Makia[268481738], L2MonsterInstance:Maluk Hunter(22840)[268484044]
[20 jun 21:29:46] CREATE:Party, item 268484048:Sealed Vesper Boots Piece(2), L2PcInstance:Makia[268481738], L2MonsterInstance:Maluk Hunter(22840)[268484044]
[20 jun 21:29:47] CHANGE:Party, item 268481631:Adena(99900000000), PrevCount(99900000000), L2PcInstance:Makia[268481738], L2PcInstance:Makia[268481738]
[20 jun 21:29:47] CHANGE:Party, item 268481724:Adena(99900000000), PrevCount(99900000000), L2PcInstance:TagLife[268481956], L2PcInstance:Makia[268481738]
[20 jun 21:29:47] CHANGE:Party, item 268483988:High-Grade Suede(40), PrevCount(38), L2PcInstance:Makia[268481738], L2MonsterInstance:Dragon Knight(22844)[268484024]
[20 jun 21:29:47] CREATE:Party, item 268484049:Vesper Slasher Piece(2), L2PcInstance:Makia[268481738], L2MonsterInstance:Dragon Knight(22844)[268484024]
[20 jun 21:29:47] CHANGE:Party, item 268481631:Adena(99900000000), PrevCount(99900000000), L2PcInstance:Makia[268481738], L2PcInstance:Makia[268481738]
[20 jun 21:29:47] CHANGE:Party, item 268484022:Leonard(6), PrevCount(4), L2PcInstance:Makia[268481738], L2MonsterInstance:Maluk Warlord(22839)[268484027]
[20 jun 21:29:47] CHANGE:Party, item 268481631:Adena(99900000000), PrevCount(99900000000), L2PcInstance:Makia[268481738], L2PcInstance:Makia[268481738]
[20 jun 21:29:47] CHANGE:Party, item 268484047:Orichalcum(6), PrevCount(4), L2PcInstance:Makia[268481738], L2MonsterInstance:Maluk Warlord(22839)[268484028]
[20 jun 21:29:47] CHANGE:Party, item 268484023:Sealed Vesper Helmet Piece(6), PrevCount(4), L2PcInstance:Makia[268481738], L2MonsterInstance:Maluk Warlord(22839)[268484028]
[20 jun 21:29:47] CHANGE:Party, item 268481631:Adena(99900000000), PrevCount(99900000000), L2PcInstance:Makia[268481738], L2PcInstance:Makia[268481738]
[20 jun 21:29:47] CHANGE:Party, item 268481724:Adena(99900000000), PrevCount(99900000000), L2PcInstance:TagLife[268481956], L2PcInstance:Makia[268481738]
[20 jun 21:29:47] CHANGE:Party, item 268483990:Adamantine(4), PrevCount(2), L2PcInstance:Makia[268481738], L2MonsterInstance:Maluk Warlord(22839)[268484031]
[20 jun 21:29:47] CHANGE:Party, item 268481631:Adena(99900000000), PrevCount(99900000000), L2PcInstance:Makia[268481738], L2PcInstance:Makia[268481738]
[20 jun 21:29:47] CHANGE:Party, item 268481724:Adena(99900000000), PrevCount(99900000000), L2PcInstance:TagLife[268481956], L2PcInstance:Makia[268481738]
[20 jun 21:29:47] CHANGE:Party, item 268483996:Synthetic Cokes(12), PrevCount(10), L2PcInstance:Makia[268481738], L2MonsterInstance:Maluk Warlord(22839)[268484032]
[20 jun 21:29:50] CHANGE:Party, item 268481631:Adena(99900000000), PrevCount(99900000000), L2PcInstance:Makia[268481738], L2PcInstance:Makia[268481738]
[20 jun 21:29:50] CHANGE:Party, item 268481724:Adena(99900000000), PrevCount(99900000000), L2PcInstance:TagLife[268481956], L2PcInstance:Makia[268481738]
[20 jun 21:29:50] CHANGE:Party, item 268484004:Durable Metal Plate(6), PrevCount(4), L2PcInstance:Makia[268481738], L2MonsterInstance:Maluk Warlord(22839)[268484042]
[20 jun 21:29:50] CHANGE:Party, item 268483994:Sealed Vesper Verteidiger Piece(6), PrevCount(4), L2PcInstance:Makia[268481738], L2MonsterInstance:Maluk Warlord(22839)[268484042]
[20 jun 21:29:50] CHANGE:Party, item 268481631:Adena(99900000000), PrevCount(99900000000), L2PcInstance:Makia[268481738], L2PcInstance:Makia[268481738]
[20 jun 21:29:50] CHANGE:Party, item 268481724:Adena(99900000000), PrevCount(99900000000), L2PcInstance:TagLife[268481956], L2PcInstance:Makia[268481738]
[20 jun 21:29:50] CHANGE:Party, item 268483999:Mold Lubricant(10), PrevCount(8), L2PcInstance:Makia[268481738], L2MonsterInstance:Maluk Hunter(22840)[268484043]
[20 jun 21:29:50] CHANGE:Party, item 268481631:Adena(99900000000), PrevCount(99900000000), L2PcInstance:Makia[268481738], L2PcInstance:TagLife[268481956]
[20 jun 21:29:50] CHANGE:Party, item 268481724:Adena(99900000000), PrevCount(99900000000), L2PcInstance:TagLife[268481956], L2PcInstance:TagLife[268481956]
[20 jun 21:29:50] CREATE:Party, item 268484051:Sealed Vesper Leather Gloves Piece(2), L2PcInstance:Makia[268481738], L2MonsterInstance:Maluk Hunter(22840)[268484043]
[20 jun 21:29:50] CREATE:Party, item 268484052:Mold Glue(1), L2PcInstance:TagLife[268481956], L2MonsterInstance:Dragon Knight(22845)[268484050]
[20 jun 21:29:51] CHANGE:Party, item 268481631:Adena(99900000000), PrevCount(99900000000), L2PcInstance:Makia[268481738], L2PcInstance:Makia[268481738]
[20 jun 21:29:51] CHANGE:Party, item 268481724:Adena(99900000000), PrevCount(99900000000), L2PcInstance:TagLife[268481956], L2PcInstance:Makia[268481738]
[20 jun 21:29:51] CHANGE:Party, item 268483989:Cokes(74), PrevCount(60), L2PcInstance:Makia[268481738], L2MonsterInstance:Elite Dragon Knight(22846)[268484053]
[20 jun 21:30:02] CHANGE:Party, item 268481631:Adena(99900000000), PrevCount(99900000000), L2PcInstance:Makia[268481738], L2PcInstance:Makia[268481738]
[20 jun 21:30:02] CHANGE:Party, item 268481724:Adena(99900000000), PrevCount(99900000000), L2PcInstance:TagLife[268481956], L2PcInstance:Makia[268481738]
[20 jun 21:30:02] CHANGE:Party, item 268483999:Mold Lubricant(18), PrevCount(10), L2PcInstance:Makia[268481738], L2MonsterInstance:Knoriks(22857)[268477453]
[20 jun 21:30:02] CHANGE:Party, item 268481631:Adena(99900000000), PrevCount(99900000000), L2PcInstance:Makia[268481738], L2PcInstance:Makia[268481738]
[20 jun 21:30:02] CHANGE:Party, item 268484047:Orichalcum(8), PrevCount(6), L2PcInstance:Makia[268481738], L2MonsterInstance:Maluk Warlord(22839)[268476689]
[20 jun 21:30:07] CHANGE:Party, item 268481631:Adena(99900000000), PrevCount(99900000000), L2PcInstance:Makia[268481738], L2PcInstance:Makia[268481738]
[20 jun 21:30:07] CHANGE:Party, item 268481724:Adena(99900000000), PrevCount(99900000000), L2PcInstance:TagLife[268481956], L2PcInstance:Makia[268481738]
[20 jun 21:30:07] CHANGE:Party, item 268483988:High-Grade Suede(42), PrevCount(40), L2PcInstance:Makia[268481738], L2MonsterInstance:Maluk Leader(22838)[268476584]
[20 jun 21:30:07] CHANGE:Party, item 268481631:Adena(99900000000), PrevCount(99900000000), L2PcInstance:Makia[268481738], L2PcInstance:Makia[268481738]
[20 jun 21:30:07] CHANGE:Party, item 268481724:Adena(99900000000), PrevCount(99900000000), L2PcInstance:TagLife[268481956], L2PcInstance:Makia[268481738]
[20 jun 21:30:07] CHANGE:Party, item 268483988:High-Grade Suede(44), PrevCount(42), L2PcInstance:Makia[268481738], L2MonsterInstance:Maluk Warlord(22839)[268476690]
[20 jun 21:30:07] CHANGE:Party, item 268481631:Adena(99900000000), PrevCount(99900000000), L2PcInstance:Makia[268481738], L2PcInstance:Makia[268481738]
[20 jun 21:30:07] CHANGE:Party, item 268481724:Adena(99900000000), PrevCount(99900000000), L2PcInstance:TagLife[268481956], L2PcInstance:Makia[268481738]
[20 jun 21:30:07] CHANGE:Party, item 268483988:High-Grade Suede(46), PrevCount(44), L2PcInstance:Makia[268481738], L2MonsterInstance:Maluk Leader(22838)[268476582]
[20 jun 21:30:08] CHANGE:Party, item 268481631:Adena(99900000000), PrevCount(99900000000), L2PcInstance:Makia[268481738], L2PcInstance:Makia[268481738]
[20 jun 21:30:08] CHANGE:Party, item 268481724:Adena(99900000000), PrevCount(99900000000), L2PcInstance:TagLife[268481956], L2PcInstance:Makia[268481738]
[20 jun 21:30:08] CHANGE:Party, item 268484022:Leonard(8), PrevCount(6), L2PcInstance:Makia[268481738], L2MonsterInstance:Maluk Leader(22838)[268476583]
[20 jun 21:30:10] CHANGE:Party, item 268481631:Adena(99900000000), PrevCount(99900000000), L2PcInstance:Makia[268481738], L2PcInstance:Makia[268481738]
[20 jun 21:30:10] CHANGE:Party, item 268484000:Life Stone - Level 84(4), PrevCount(2), L2PcInstance:Makia[268481738], L2MonsterInstance:Maluk Warlord(22839)[268476682]
[20 jun 21:30:16] CHANGE:Community Teleport, item 268481631:Adena(99899999000), PrevCount(99900000000), L2PcInstance:Makia[268481738], L2PcInstance:Makia[268481738]
[20 jun 21:30:19] CHANGE:Community Teleport, item 268481631:Adena(99899998000), PrevCount(99899999000), L2PcInstance:Makia[268481738], L2PcInstance:Makia[268481738]
[20 jun 21:30:33] CHANGE:Community Teleport, item 268481724:Adena(99899999000), PrevCount(99900000000), L2PcInstance:TagLife[268481956], L2PcInstance:TagLife[268481956]
[20 jun 21:32:58] CHANGE:Party, item 268481631:Adena(99900000000), PrevCount(99899998000), L2PcInstance:Makia[268481738], L2PcInstance:Makia[268481738]
[20 jun 21:32:58] CHANGE:Party, item 268483989:Cokes(76), PrevCount(74), L2PcInstance:Makia[268481738], L2MonsterInstance:Parasitic Leech(22828)[268476492]
[20 jun 21:32:59] CHANGE:Party, item 268481631:Adena(99900000000), PrevCount(99900000000), L2PcInstance:Makia[268481738], L2PcInstance:Makia[268481738]
[20 jun 21:32:59] CREATE:Party, item 268484160:Water Stone(2), L2PcInstance:Makia[268481738], L2MonsterInstance:Parasitic Leech(22828)[268476490]
[20 jun 21:33:00] CHANGE:Party, item 268481631:Adena(99900000000), PrevCount(99900000000), L2PcInstance:Makia[268481738], L2PcInstance:Makia[268481738]
[20 jun 21:33:00] CHANGE:Party, item 268483988:High-Grade Suede(48), PrevCount(46), L2PcInstance:Makia[268481738], L2MonsterInstance:Parasitic Leech(22828)[268476485]
[20 jun 21:33:00] CHANGE:Party, item 268481631:Adena(99900000000), PrevCount(99900000000), L2PcInstance:Makia[268481738], L2PcInstance:Makia[268481738]
[20 jun 21:33:00] CHANGE:Party, item 268483989:Cokes(82), PrevCount(76), L2PcInstance:Makia[268481738], L2MonsterInstance:Parasitic Leech(22828)[268476484]
[20 jun 21:33:01] CHANGE:Party, item 268481631:Adena(99900000000), PrevCount(99900000000), L2PcInstance:Makia[268481738], L2PcInstance:Makia[268481738]
[20 jun 21:33:01] CHANGE:Party, item 268483989:Cokes(88), PrevCount(82), L2PcInstance:Makia[268481738], L2MonsterInstance:Parasitic Leech(22828)[268476486]
[20 jun 21:33:01] CHANGE:Party, item 268481631:Adena(99900000000), PrevCount(99900000000), L2PcInstance:Makia[268481738], L2PcInstance:Makia[268481738]
[20 jun 21:33:01] CHANGE:Party, item 268483989:Cokes(92), PrevCount(88), L2PcInstance:Makia[268481738], L2MonsterInstance:Parasitic Leech(22828)[268476488]
[20 jun 21:33:01] CHANGE:Party, item 268481631:Adena(99900000000), PrevCount(99900000000), L2PcInstance:Makia[268481738], L2PcInstance:Makia[268481738]
[20 jun 21:33:01] CHANGE:Party, item 268484160:Water Stone(4), PrevCount(2), L2PcInstance:Makia[268481738], L2MonsterInstance:Parasitic Leech(22828)[268476489]
[20 jun 21:33:12] CHANGE:Drop, item 268481631:Adena(99899999000), PrevCount(99900000000), L2PcInstance:Makia[268481738]
[20 jun 21:33:12] CREATE:Drop, item 268484162:Adena(1000), L2PcInstance:Makia[268481738]
[20 jun 21:33:20] CHANGE:Drop, item 268481631:Adena(99000), PrevCount(99899999000), L2PcInstance:Makia[268481738]
[20 jun 21:33:20] CREATE:Drop, item 268484163:Adena(99899900000), L2PcInstance:Makia[268481738]
[20 jun 21:33:35] SETOWNER:Drop, item 268481631:Adena(99000), L2PcInstance:Makia[268481738]
[20 jun 21:33:53] CHANGE:Drop, item 268483999:Mold Lubricant(17), PrevCount(18), L2PcInstance:Makia[268481738]
[20 jun 21:33:53] CREATE:Drop, item 268484165:Mold Lubricant(1), L2PcInstance:Makia[268481738]
[20 jun 21:34:05] CREATE:Party, item 268484166:Adena(22050859008), L2PcInstance:Makia[268481738], L2PcInstance:TagLife[268481956]
[20 jun 21:34:06] CHANGE:Party, item 268481724:Adena(99900000000), PrevCount(99899999000), L2PcInstance:TagLife[268481956], L2PcInstance:TagLife[268481956]
[20 jun 21:34:06] CHANGE:Party, item 268483991:High-Grade Suede(4), PrevCount(3), L2PcInstance:TagLife[268481956], L2MonsterInstance:Parasitic Leech(22828)[268476491]
[20 jun 21:34:27] CHANGE:Party, item 268484166:Adena(43307479040), PrevCount(22050859008), L2PcInstance:Makia[268481738], L2PcInstance:TagLife[268481956]
[20 jun 21:34:27] CHANGE:Party, item 268481724:Adena(99900000000), PrevCount(99900000000), L2PcInstance:TagLife[268481956], L2PcInstance:TagLife[268481956]
[20 jun 21:34:27] CHANGE:Party, item 268484025:Cokes(5), PrevCount(3), L2PcInstance:TagLife[268481956], L2MonsterInstance:Parasitic Leech(22828)[268484168]
[20 jun 21:34:29] CHANGE:Party, item 268484166:Adena(65881739264), PrevCount(43307479040), L2PcInstance:Makia[268481738], L2PcInstance:TagLife[268481956]
[20 jun 21:34:29] CHANGE:Party, item 268481724:Adena(99900000000), PrevCount(99900000000), L2PcInstance:TagLife[268481956], L2PcInstance:TagLife[268481956]
[20 jun 21:34:29] CHANGE:Party, item 268483991:High-Grade Suede(5), PrevCount(4), L2PcInstance:TagLife[268481956], L2MonsterInstance:Parasitic Leech(22828)[268484169]
[20 jun 21:34:56] CHANGE:Party, item 268484166:Adena(88306440192), PrevCount(65881739264), L2PcInstance:Makia[268481738], L2PcInstance:TagLife[268481956]
[20 jun 21:34:56] CHANGE:Party, item 268481724:Adena(99900000000), PrevCount(99900000000), L2PcInstance:TagLife[268481956], L2PcInstance:TagLife[268481956]
[20 jun 21:34:56] CHANGE:Party, item 268483991:High-Grade Suede(6), PrevCount(5), L2PcInstance:TagLife[268481956], L2MonsterInstance:Parasitic Leech(22828)[268484167]
[20 jun 21:34:58] CHANGE:Party, item 268484166:Adena(99900000000), PrevCount(88306440192), L2PcInstance:Makia[268481738], L2PcInstance:TagLife[268481956]
[20 jun 21:34:58] CHANGE:Party, item 268481724:Adena(99900000000), PrevCount(99900000000), L2PcInstance:TagLife[268481956], L2PcInstance:TagLife[268481956]
[20 jun 21:34:58] CHANGE:Party, item 268484025:Cokes(6), PrevCount(5), L2PcInstance:TagLife[268481956], L2MonsterInstance:Parasitic Leech(22828)[268484173]
[20 jun 21:34:59] CHANGE:Party, item 268484166:Adena(99900000000), PrevCount(99900000000), L2PcInstance:Makia[268481738], L2PcInstance:TagLife[268481956]
[20 jun 21:34:59] CHANGE:Party, item 268481724:Adena(99900000000), PrevCount(99900000000), L2PcInstance:TagLife[268481956], L2PcInstance:TagLife[268481956]
[20 jun 21:34:59] CHANGE:Party, item 268484025:Cokes(8), PrevCount(6), L2PcInstance:TagLife[268481956], L2MonsterInstance:Parasitic Leech(22828)[268476487]
[20 jun 21:35:01] CHANGE:Party, item 268484166:Adena(99900000000), PrevCount(99900000000), L2PcInstance:Makia[268481738], L2PcInstance:TagLife[268481956]
[20 jun 21:35:01] CHANGE:Party, item 268481724:Adena(99900000000), PrevCount(99900000000), L2PcInstance:TagLife[268481956], L2PcInstance:TagLife[268481956]
[20 jun 21:35:01] CHANGE:Party, item 268484025:Cokes(9), PrevCount(8), L2PcInstance:TagLife[268481956], L2MonsterInstance:Parasitic Leech(22828)[268484171]
[20 jun 21:35:03] CHANGE:Party, item 268484166:Adena(99900000000), PrevCount(99900000000), L2PcInstance:Makia[268481738], L2PcInstance:TagLife[268481956]
[20 jun 21:35:03] CHANGE:Party, item 268481724:Adena(99900000000), PrevCount(99900000000), L2PcInstance:TagLife[268481956], L2PcInstance:TagLife[268481956]
[20 jun 21:35:03] CHANGE:Party, item 268484025:Cokes(10), PrevCount(9), L2PcInstance:TagLife[268481956], L2MonsterInstance:Parasitic Leech(22828)[268484172]
[20 jun 21:35:11] CHANGE:Party, item 268483999:Mold Lubricant(18), PrevCount(17), L2PcInstance:Makia[268481738], L2PcInstance:Makia[268481738]
[20 jun 21:35:11] DELETE:Party, item 268484165:Mold Lubricant(0), PrevCount(1), L2PcInstance:Makia[268481738], L2PcInstance:Makia[268481738]
[20 jun 21:35:19] CHANGE:Party, item 268484166:Adena(99900000000), PrevCount(99900000000), L2PcInstance:Makia[268481738], L2PcInstance:TagLife[268481956]
[20 jun 21:35:19] CHANGE:Party, item 268481724:Adena(99900000000), PrevCount(99900000000), L2PcInstance:TagLife[268481956], L2PcInstance:TagLife[268481956]
[20 jun 21:35:19] CHANGE:Party, item 268483991:High-Grade Suede(7), PrevCount(6), L2PcInstance:TagLife[268481956], L2MonsterInstance:Parasitic Leech(22828)[268484198]
[20 jun 21:35:38] CHANGE:Party, item 268484166:Adena(99900000000), PrevCount(99900000000), L2PcInstance:Makia[268481738], L2PcInstance:TagLife[268481956]
[20 jun 21:35:38] CHANGE:Party, item 268481724:Adena(99900000000), PrevCount(99900000000), L2PcInstance:TagLife[268481956], L2PcInstance:TagLife[268481956]
[20 jun 21:35:38] CHANGE:Party, item 268484025:Cokes(12), PrevCount(10), L2PcInstance:TagLife[268481956], L2MonsterInstance:Parasitic Leech(22828)[268484199]
[20 jun 21:35:41] CHANGE:Party, item 268484166:Adena(99900000000), PrevCount(99900000000), L2PcInstance:Makia[268481738], L2PcInstance:Makia[268481738]
[20 jun 21:35:41] CHANGE:Party, item 268481724:Adena(99900000000), PrevCount(99900000000), L2PcInstance:TagLife[268481956], L2PcInstance:Makia[268481738]
[20 jun 21:35:41] CREATE:Party, item 268484200:Life Stone - Level 82(2), L2PcInstance:Makia[268481738], L2MonsterInstance:Parasitic Leech(22828)[268484170]
[20 jun 21:35:43] CHANGE:Party, item 268484166:Adena(99900000000), PrevCount(99900000000), L2PcInstance:Makia[268481738], L2PcInstance:Makia[268481738]
[20 jun 21:35:43] CHANGE:Party, item 268481724:Adena(99900000000), PrevCount(99900000000), L2PcInstance:TagLife[268481956], L2PcInstance:Makia[268481738]
[20 jun 21:35:43] CHANGE:Party, item 268483989:Cokes(94), PrevCount(92), L2PcInstance:Makia[268481738], L2MonsterInstance:Parasitic Leech(22828)[268484201]
[20 jun 22:36:42] CREATE:ItemAuction, item 268437784:Blue Soul Crystal - Stage 15(1)
[20 jun 22:36:42] CREATE:ItemAuction, item 268437785:Refined Wizard Hat(1)
[20 jun 22:36:42] CREATE:ItemAuction, item 268437786:Improved Blessed Earring of Zaken(1)
[20 jun 22:38:11] CHANGE:Scheme system, item 268484166:Adena(99899995500), PrevCount(99900000000), L2PcInstance:Makia[268481738], L2PcInstance:Makia[268481738]
[20 jun 22:41:11] CHANGE:Community Teleport, item 268484166:Adena(99899994500), PrevCount(99899995500), L2PcInstance:Makia[268481738], L2PcInstance:Makia[268481738]
[20 jun 22:42:20] CHANGE:Loot, item 268481724:Adena(99900000000), PrevCount(99900000000), L2PcInstance:TagLife[268481956], L2MonsterInstance:Hot Springs Nepenthes(21319)[268448071]
[20 jun 22:42:20] CREATE:Loot, item 268481688:Herb of Casting Spd.(1), L2PcInstance:TagLife[268481956], L2MonsterInstance:Hot Springs Nepenthes(21319)[268448071]
[20 jun 22:42:24] CHANGE:Loot, item 268481724:Adena(99900000000), PrevCount(99900000000), L2PcInstance:TagLife[268481956], L2MonsterInstance:Hot Springs Bandersnatchling(21314)[268448040]
[20 jun 22:43:23] CHANGE:Community Teleport, item 268484166:Adena(99899993500), PrevCount(99899994500), L2PcInstance:Makia[268481738], L2PcInstance:Makia[268481738]
[20 jun 22:47:56] CHANGE:Community Teleport, item 268484166:Adena(99899992500), PrevCount(99899993500), L2PcInstance:Makia[268481738], L2PcInstance:Makia[268481738]
[20 jun 23:09:02] DELETE:L2ItemInstance, item 268483366:Super Strong Giant's Mask (Event) - Blessing of Skooldy : Protection of Darkness - 2 Hour Limited Period(0), PrevCount(1), L2PcInstance:Makia[268481738]
[20 jun 23:09:02] DELETE:L2ItemInstance, item 268483367:Planet X235 Alien Mask (Event) - Blessing of Skooldy : Protection of Darkness - 2 Hour Limited Period(0), PrevCount(1), L2PcInstance:Makia[268481738]
[20 jun 23:09:50] CREATE:Champion, item 268481964:Apiga(5), L2PcInstance:Makia[268481738], L2PcInstance:Makia[268481738]
[20 jun 23:30:31] CREATE:ItemAuction, item 268437784:Blue Soul Crystal - Stage 15(1)
[20 jun 23:30:31] CREATE:ItemAuction, item 268437785:Refined Wizard Hat(1)
[20 jun 23:30:31] CREATE:ItemAuction, item 268437786:Improved Blessed Earring of Zaken(1)
[20 jun 23:34:00] CHANGE:Community Teleport, item 268484166:Adena(99899991500), PrevCount(99899992500), L2PcInstance:Makia[268481738], L2PcInstance:Makia[268481738]
[20 jun 23:34:47] CHANGE:Community Teleport, item 268484166:Adena(99899990500), PrevCount(99899991500), L2PcInstance:Makia[268481738], L2PcInstance:Makia[268481738]
[21 jun 0:53:40] CREATE:ItemAuction, item 268437784:Blue Soul Crystal - Stage 15(1)
[21 jun 0:53:40] CREATE:ItemAuction, item 268437785:Refined Wizard Hat(1)
[21 jun 0:53:40] CREATE:ItemAuction, item 268437786:Improved Blessed Earring of Zaken(1)
[21 jun 8:59:43] CREATE:ItemAuction, item 268437784:Blue Soul Crystal - Stage 15(1)
[21 jun 8:59:43] CREATE:ItemAuction, item 268437785:Refined Wizard Hat(1)
[21 jun 8:59:43] CREATE:ItemAuction, item 268437786:Improved Blessed Earring of Zaken(1)
[21 jun 17:00:00] CREATE:ItemAuction, item 268491305:Skull Carnium Bow(1)
